The system is: Linux - 4.9.140-tegra - aarch64
Compiling the C compiler identification source file "CMakeCCompilerId.c" succeeded.
Compiler: /usr/bin/gcc 
Build flags: 
Id flags:  

The output was:
0


Compilation of the C compiler identification source "CMakeCCompilerId.c" produced "a.out"

The C compiler identification is GNU, found in "/home/aisecurity/ai-kiosk/scripts/cmake-3.13.0/CMakeFiles/3.13.0/CompilerIdC/a.out"

Compiling the CXX compiler identification source file "CMakeCXXCompilerId.cpp" succeeded.
Compiler: /usr/bin/g++ 
Build flags: 
Id flags:  

The output was:
0


Compilation of the CXX compiler identification source "CMakeCXXCompilerId.cpp" produced "a.out"

The CXX compiler identification is GNU, found in "/home/aisecurity/ai-kiosk/scripts/cmake-3.13.0/CMakeFiles/3.13.0/CompilerIdCXX/a.out"

Determining if the C compiler works passed with the following output:
Change Dir: /home/aisecurity/ai-kiosk/scripts/cmake-3.13.0/CMakeFiles/CMakeTmp

Run Build Command:"/usr/bin/make" "cmTC_55590/fast"
make -f CMakeFiles/cmTC_55590.dir/build.make CMakeFiles/cmTC_55590.dir/build
make[1]: Entering directory '/home/aisecurity/ai-kiosk/scripts/cmake-3.13.0/CMakeFiles/CMakeTmp'
Building C object CMakeFiles/cmTC_55590.dir/testCCompiler.c.o
/usr/bin/gcc    -o CMakeFiles/cmTC_55590.dir/testCCompiler.c.o   -c /home/aisecurity/ai-kiosk/scripts/cmake-3.13.0/CMakeFiles/CMakeTmp/testCCompiler.c
Linking C executable cmTC_55590
/home/aisecurity/ai-kiosk/scripts/cmake-3.13.0/Bootstrap.cmk/cmake -E cmake_link_script CMakeFiles/cmTC_55590.dir/link.txt --verbose=1
/usr/bin/gcc      -rdynamic CMakeFiles/cmTC_55590.dir/testCCompiler.c.o  -o cmTC_55590 
make[1]: Leaving directory '/home/aisecurity/ai-kiosk/scripts/cmake-3.13.0/CMakeFiles/CMakeTmp'


Detecting C compiler ABI info compiled with the following output:
Change Dir: /home/aisecurity/ai-kiosk/scripts/cmake-3.13.0/CMakeFiles/CMakeTmp

Run Build Command:"/usr/bin/make" "cmTC_7b4cc/fast"
make -f CMakeFiles/cmTC_7b4cc.dir/build.make CMakeFiles/cmTC_7b4cc.dir/build
make[1]: Entering directory '/home/aisecurity/ai-kiosk/scripts/cmake-3.13.0/CMakeFiles/CMakeTmp'
Building C object CMakeFiles/cmTC_7b4cc.dir/CMakeCCompilerABI.c.o
/usr/bin/gcc    -o CMakeFiles/cmTC_7b4cc.dir/CMakeCCompilerABI.c.o   -c /home/aisecurity/ai-kiosk/scripts/cmake-3.13.0/Modules/CMakeCCompilerABI.c
Linking C executable cmTC_7b4cc
/home/aisecurity/ai-kiosk/scripts/cmake-3.13.0/Bootstrap.cmk/cmake -E cmake_link_script CMakeFiles/cmTC_7b4cc.dir/link.txt --verbose=1
/usr/bin/gcc     -v -rdynamic CMakeFiles/cmTC_7b4cc.dir/CMakeCCompilerABI.c.o  -o cmTC_7b4cc 
Using built-in specs.
COLLECT_GCC=/usr/bin/gcc
COLLECT_LTO_WRAPPER=/usr/lib/gcc/aarch64-linux-gnu/7/lto-wrapper
Target: aarch64-linux-gnu
Configured with: ../src/configure -v --with-pkgversion='Ubuntu/Linaro 7.4.0-1ubuntu1~18.04.1' --with-bugurl=file:///usr/share/doc/gcc-7/README.Bugs --enable-languages=c,ada,c++,go,d,fortran,objc,obj-c++ --prefix=/usr --with-gcc-major-version-only --program-suffix=-7 --program-prefix=aarch64-linux-gnu- --enable-shared --enable-linker-build-id --libexecdir=/usr/lib --without-included-gettext --enable-threads=posix --libdir=/usr/lib --enable-nls --with-sysroot=/ --enable-clocale=gnu --enable-libstdcxx-debug --enable-libstdcxx-time=yes --with-default-libstdcxx-abi=new --enable-gnu-unique-object --disable-libquadmath --disable-libquadmath-support --enable-plugin --enable-default-pie --with-system-zlib --enable-multiarch --enable-fix-cortex-a53-843419 --disable-werror --enable-checking=release --build=aarch64-linux-gnu --host=aarch64-linux-gnu --target=aarch64-linux-gnu
Thread model: posix
gcc version 7.4.0 (Ubuntu/Linaro 7.4.0-1ubuntu1~18.04.1) 
COMPILER_PATH=/usr/lib/gcc/aarch64-linux-gnu/7/:/usr/lib/gcc/aarch64-linux-gnu/7/:/usr/lib/gcc/aarch64-linux-gnu/:/usr/lib/gcc/aarch64-linux-gnu/7/:/usr/lib/gcc/aarch64-linux-gnu/
LIBRARY_PATH=/usr/lib/gcc/aarch64-linux-gnu/7/:/usr/lib/gcc/aarch64-linux-gnu/7/../../../aarch64-linux-gnu/:/usr/lib/gcc/aarch64-linux-gnu/7/../../../../lib/:/lib/aarch64-linux-gnu/:/lib/../lib/:/usr/lib/aarch64-linux-gnu/:/usr/lib/../lib/:/usr/lib/gcc/aarch64-linux-gnu/7/../../../:/lib/:/usr/lib/
COLLECT_GCC_OPTIONS='-v' '-rdynamic' '-o' 'cmTC_7b4cc' '-mlittle-endian' '-mabi=lp64'
 /usr/lib/gcc/aarch64-linux-gnu/7/collect2 -plugin /usr/lib/gcc/aarch64-linux-gnu/7/liblto_plugin.so -plugin-opt=/usr/lib/gcc/aarch64-linux-gnu/7/lto-wrapper -plugin-opt=-fresolution=/tmp/ccS7eqTU.res -plugin-opt=-pass-through=-lgcc -plugin-opt=-pass-through=-lgcc_s -plugin-opt=-pass-through=-lc -plugin-opt=-pass-through=-lgcc -plugin-opt=-pass-through=-lgcc_s --sysroot=/ --build-id --eh-frame-hdr --hash-style=gnu --as-needed -export-dynamic -dynamic-linker /lib/ld-linux-aarch64.so.1 -X -EL -maarch64linux --fix-cortex-a53-843419 -pie -z now -z relro -o cmTC_7b4cc /usr/lib/gcc/aarch64-linux-gnu/7/../../../aarch64-linux-gnu/Scrt1.o /usr/lib/gcc/aarch64-linux-gnu/7/../../../aarch64-linux-gnu/crti.o /usr/lib/gcc/aarch64-linux-gnu/7/crtbeginS.o -L/usr/lib/gcc/aarch64-linux-gnu/7 -L/usr/lib/gcc/aarch64-linux-gnu/7/../../../aarch64-linux-gnu -L/usr/lib/gcc/aarch64-linux-gnu/7/../../../../lib -L/lib/aarch64-linux-gnu -L/lib/../lib -L/usr/lib/aarch64-linux-gnu -L/usr/lib/../lib -L/usr/lib/gcc/aarch64-linux-gnu/7/../../.. CMakeFiles/cmTC_7b4cc.dir/CMakeCCompilerABI.c.o -lgcc --push-state --as-needed -lgcc_s --pop-state -lc -lgcc --push-state --as-needed -lgcc_s --pop-state /usr/lib/gcc/aarch64-linux-gnu/7/crtendS.o /usr/lib/gcc/aarch64-linux-gnu/7/../../../aarch64-linux-gnu/crtn.o
COLLECT_GCC_OPTIONS='-v' '-rdynamic' '-o' 'cmTC_7b4cc' '-mlittle-endian' '-mabi=lp64'
make[1]: Leaving directory '/home/aisecurity/ai-kiosk/scripts/cmake-3.13.0/CMakeFiles/CMakeTmp'


Parsed C implicit link information from above output:
  link line regex: [^( *|.*[/\])(ld|CMAKE_LINK_STARTFILE-NOTFOUND|([^/\]+-)?ld|collect2)[^/\]*( |$)]
  ignore line: [Change Dir: /home/aisecurity/ai-kiosk/scripts/cmake-3.13.0/CMakeFiles/CMakeTmp]
  ignore line: []
  ignore line: [Run Build Command:"/usr/bin/make" "cmTC_7b4cc/fast"]
  ignore line: [make -f CMakeFiles/cmTC_7b4cc.dir/build.make CMakeFiles/cmTC_7b4cc.dir/build]
  ignore line: [make[1]: Entering directory '/home/aisecurity/ai-kiosk/scripts/cmake-3.13.0/CMakeFiles/CMakeTmp']
  ignore line: [Building C object CMakeFiles/cmTC_7b4cc.dir/CMakeCCompilerABI.c.o]
  ignore line: [/usr/bin/gcc    -o CMakeFiles/cmTC_7b4cc.dir/CMakeCCompilerABI.c.o   -c /home/aisecurity/ai-kiosk/scripts/cmake-3.13.0/Modules/CMakeCCompilerABI.c]
  ignore line: [Linking C executable cmTC_7b4cc]
  ignore line: [/home/aisecurity/ai-kiosk/scripts/cmake-3.13.0/Bootstrap.cmk/cmake -E cmake_link_script CMakeFiles/cmTC_7b4cc.dir/link.txt --verbose=1]
  ignore line: [/usr/bin/gcc     -v -rdynamic CMakeFiles/cmTC_7b4cc.dir/CMakeCCompilerABI.c.o  -o cmTC_7b4cc ]
  ignore line: [Using built-in specs.]
  ignore line: [COLLECT_GCC=/usr/bin/gcc]
  ignore line: [COLLECT_LTO_WRAPPER=/usr/lib/gcc/aarch64-linux-gnu/7/lto-wrapper]
  ignore line: [Target: aarch64-linux-gnu]
  ignore line: [Configured with: ../src/configure -v --with-pkgversion='Ubuntu/Linaro 7.4.0-1ubuntu1~18.04.1' --with-bugurl=file:///usr/share/doc/gcc-7/README.Bugs --enable-languages=c,ada,c++,go,d,fortran,objc,obj-c++ --prefix=/usr --with-gcc-major-version-only --program-suffix=-7 --program-prefix=aarch64-linux-gnu- --enable-shared --enable-linker-build-id --libexecdir=/usr/lib --without-included-gettext --enable-threads=posix --libdir=/usr/lib --enable-nls --with-sysroot=/ --enable-clocale=gnu --enable-libstdcxx-debug --enable-libstdcxx-time=yes --with-default-libstdcxx-abi=new --enable-gnu-unique-object --disable-libquadmath --disable-libquadmath-support --enable-plugin --enable-default-pie --with-system-zlib --enable-multiarch --enable-fix-cortex-a53-843419 --disable-werror --enable-checking=release --build=aarch64-linux-gnu --host=aarch64-linux-gnu --target=aarch64-linux-gnu]
  ignore line: [Thread model: posix]
  ignore line: [gcc version 7.4.0 (Ubuntu/Linaro 7.4.0-1ubuntu1~18.04.1) ]
  ignore line: [COMPILER_PATH=/usr/lib/gcc/aarch64-linux-gnu/7/:/usr/lib/gcc/aarch64-linux-gnu/7/:/usr/lib/gcc/aarch64-linux-gnu/:/usr/lib/gcc/aarch64-linux-gnu/7/:/usr/lib/gcc/aarch64-linux-gnu/]
  ignore line: [LIBRARY_PATH=/usr/lib/gcc/aarch64-linux-gnu/7/:/usr/lib/gcc/aarch64-linux-gnu/7/../../../aarch64-linux-gnu/:/usr/lib/gcc/aarch64-linux-gnu/7/../../../../lib/:/lib/aarch64-linux-gnu/:/lib/../lib/:/usr/lib/aarch64-linux-gnu/:/usr/lib/../lib/:/usr/lib/gcc/aarch64-linux-gnu/7/../../../:/lib/:/usr/lib/]
  ignore line: [COLLECT_GCC_OPTIONS='-v' '-rdynamic' '-o' 'cmTC_7b4cc' '-mlittle-endian' '-mabi=lp64']
  link line: [ /usr/lib/gcc/aarch64-linux-gnu/7/collect2 -plugin /usr/lib/gcc/aarch64-linux-gnu/7/liblto_plugin.so -plugin-opt=/usr/lib/gcc/aarch64-linux-gnu/7/lto-wrapper -plugin-opt=-fresolution=/tmp/ccS7eqTU.res -plugin-opt=-pass-through=-lgcc -plugin-opt=-pass-through=-lgcc_s -plugin-opt=-pass-through=-lc -plugin-opt=-pass-through=-lgcc -plugin-opt=-pass-through=-lgcc_s --sysroot=/ --build-id --eh-frame-hdr --hash-style=gnu --as-needed -export-dynamic -dynamic-linker /lib/ld-linux-aarch64.so.1 -X -EL -maarch64linux --fix-cortex-a53-843419 -pie -z now -z relro -o cmTC_7b4cc /usr/lib/gcc/aarch64-linux-gnu/7/../../../aarch64-linux-gnu/Scrt1.o /usr/lib/gcc/aarch64-linux-gnu/7/../../../aarch64-linux-gnu/crti.o /usr/lib/gcc/aarch64-linux-gnu/7/crtbeginS.o -L/usr/lib/gcc/aarch64-linux-gnu/7 -L/usr/lib/gcc/aarch64-linux-gnu/7/../../../aarch64-linux-gnu -L/usr/lib/gcc/aarch64-linux-gnu/7/../../../../lib -L/lib/aarch64-linux-gnu -L/lib/../lib -L/usr/lib/aarch64-linux-gnu -L/usr/lib/../lib -L/usr/lib/gcc/aarch64-linux-gnu/7/../../.. CMakeFiles/cmTC_7b4cc.dir/CMakeCCompilerABI.c.o -lgcc --push-state --as-needed -lgcc_s --pop-state -lc -lgcc --push-state --as-needed -lgcc_s --pop-state /usr/lib/gcc/aarch64-linux-gnu/7/crtendS.o /usr/lib/gcc/aarch64-linux-gnu/7/../../../aarch64-linux-gnu/crtn.o]
    arg [/usr/lib/gcc/aarch64-linux-gnu/7/collect2] ==> ignore
    arg [-plugin] ==> ignore
    arg [/usr/lib/gcc/aarch64-linux-gnu/7/liblto_plugin.so] ==> ignore
    arg [-plugin-opt=/usr/lib/gcc/aarch64-linux-gnu/7/lto-wrapper] ==> ignore
    arg [-plugin-opt=-fresolution=/tmp/ccS7eqTU.res] ==> ignore
    arg [-plugin-opt=-pass-through=-lgcc] ==> ignore
    arg [-plugin-opt=-pass-through=-lgcc_s] ==> ignore
    arg [-plugin-opt=-pass-through=-lc] ==> ignore
    arg [-plugin-opt=-pass-through=-lgcc] ==> ignore
    arg [-plugin-opt=-pass-through=-lgcc_s] ==> ignore
    arg [--sysroot=/] ==> ignore
    arg [--build-id] ==> ignore
    arg [--eh-frame-hdr] ==> ignore
    arg [--hash-style=gnu] ==> ignore
    arg [--as-needed] ==> ignore
    arg [-export-dynamic] ==> ignore
    arg [-dynamic-linker] ==> ignore
    arg [/lib/ld-linux-aarch64.so.1] ==> ignore
    arg [-X] ==> ignore
    arg [-EL] ==> ignore
    arg [-maarch64linux] ==> ignore
    arg [--fix-cortex-a53-843419] ==> ignore
    arg [-pie] ==> ignore
    arg [-znow] ==> ignore
    arg [-zrelro] ==> ignore
    arg [-o] ==> ignore
    arg [cmTC_7b4cc] ==> ignore
    arg [/usr/lib/gcc/aarch64-linux-gnu/7/../../../aarch64-linux-gnu/Scrt1.o] ==> ignore
    arg [/usr/lib/gcc/aarch64-linux-gnu/7/../../../aarch64-linux-gnu/crti.o] ==> ignore
    arg [/usr/lib/gcc/aarch64-linux-gnu/7/crtbeginS.o] ==> ignore
    arg [-L/usr/lib/gcc/aarch64-linux-gnu/7] ==> dir [/usr/lib/gcc/aarch64-linux-gnu/7]
    arg [-L/usr/lib/gcc/aarch64-linux-gnu/7/../../../aarch64-linux-gnu] ==> dir [/usr/lib/gcc/aarch64-linux-gnu/7/../../../aarch64-linux-gnu]
    arg [-L/usr/lib/gcc/aarch64-linux-gnu/7/../../../../lib] ==> dir [/usr/lib/gcc/aarch64-linux-gnu/7/../../../../lib]
    arg [-L/lib/aarch64-linux-gnu] ==> dir [/lib/aarch64-linux-gnu]
    arg [-L/lib/../lib] ==> dir [/lib/../lib]
    arg [-L/usr/lib/aarch64-linux-gnu] ==> dir [/usr/lib/aarch64-linux-gnu]
    arg [-L/usr/lib/../lib] ==> dir [/usr/lib/../lib]
    arg [-L/usr/lib/gcc/aarch64-linux-gnu/7/../../..] ==> dir [/usr/lib/gcc/aarch64-linux-gnu/7/../../..]
    arg [CMakeFiles/cmTC_7b4cc.dir/CMakeCCompilerABI.c.o] ==> ignore
    arg [-lgcc] ==> lib [gcc]
    arg [--push-state] ==> ignore
    arg [--as-needed] ==> ignore
    arg [-lgcc_s] ==> lib [gcc_s]
    arg [--pop-state] ==> ignore
    arg [-lc] ==> lib [c]
    arg [-lgcc] ==> lib [gcc]
    arg [--push-state] ==> ignore
    arg [--as-needed] ==> ignore
    arg [-lgcc_s] ==> lib [gcc_s]
    arg [--pop-state] ==> ignore
    arg [/usr/lib/gcc/aarch64-linux-gnu/7/crtendS.o] ==> ignore
    arg [/usr/lib/gcc/aarch64-linux-gnu/7/../../../aarch64-linux-gnu/crtn.o] ==> ignore
  collapse library dir [/usr/lib/gcc/aarch64-linux-gnu/7] ==> [/usr/lib/gcc/aarch64-linux-gnu/7]
  collapse library dir [/usr/lib/gcc/aarch64-linux-gnu/7/../../../aarch64-linux-gnu] ==> [/usr/lib/aarch64-linux-gnu]
  collapse library dir [/usr/lib/gcc/aarch64-linux-gnu/7/../../../../lib] ==> [/usr/lib]
  collapse library dir [/lib/aarch64-linux-gnu] ==> [/lib/aarch64-linux-gnu]
  collapse library dir [/lib/../lib] ==> [/lib]
  collapse library dir [/usr/lib/aarch64-linux-gnu] ==> [/usr/lib/aarch64-linux-gnu]
  collapse library dir [/usr/lib/../lib] ==> [/usr/lib]
  collapse library dir [/usr/lib/gcc/aarch64-linux-gnu/7/../../..] ==> [/usr/lib]
  implicit libs: [gcc;gcc_s;c;gcc;gcc_s]
  implicit dirs: [/usr/lib/gcc/aarch64-linux-gnu/7;/usr/lib/aarch64-linux-gnu;/usr/lib;/lib/aarch64-linux-gnu;/lib]
  implicit fwks: []




Detecting C [-std=c11] compiler features compiled with the following output:
Change Dir: /home/aisecurity/ai-kiosk/scripts/cmake-3.13.0/CMakeFiles/CMakeTmp

Run Build Command:"/usr/bin/make" "cmTC_7e26f/fast"
make -f CMakeFiles/cmTC_7e26f.dir/build.make CMakeFiles/cmTC_7e26f.dir/build
make[1]: Entering directory '/home/aisecurity/ai-kiosk/scripts/cmake-3.13.0/CMakeFiles/CMakeTmp'
Building C object CMakeFiles/cmTC_7e26f.dir/feature_tests.c.o
/usr/bin/gcc   -std=c11 -o CMakeFiles/cmTC_7e26f.dir/feature_tests.c.o   -c /home/aisecurity/ai-kiosk/scripts/cmake-3.13.0/CMakeFiles/feature_tests.c
Linking C executable cmTC_7e26f
/home/aisecurity/ai-kiosk/scripts/cmake-3.13.0/Bootstrap.cmk/cmake -E cmake_link_script CMakeFiles/cmTC_7e26f.dir/link.txt --verbose=1
/usr/bin/gcc      -rdynamic CMakeFiles/cmTC_7e26f.dir/feature_tests.c.o  -o cmTC_7e26f 
make[1]: Leaving directory '/home/aisecurity/ai-kiosk/scripts/cmake-3.13.0/CMakeFiles/CMakeTmp'


    Feature record: C_FEATURE:1c_function_prototypes
    Feature record: C_FEATURE:1c_restrict
    Feature record: C_FEATURE:1c_static_assert
    Feature record: C_FEATURE:1c_variadic_macros


Detecting C [-std=c99] compiler features compiled with the following output:
Change Dir: /home/aisecurity/ai-kiosk/scripts/cmake-3.13.0/CMakeFiles/CMakeTmp

Run Build Command:"/usr/bin/make" "cmTC_ddaae/fast"
make -f CMakeFiles/cmTC_ddaae.dir/build.make CMakeFiles/cmTC_ddaae.dir/build
make[1]: Entering directory '/home/aisecurity/ai-kiosk/scripts/cmake-3.13.0/CMakeFiles/CMakeTmp'
Building C object CMakeFiles/cmTC_ddaae.dir/feature_tests.c.o
/usr/bin/gcc   -std=c99 -o CMakeFiles/cmTC_ddaae.dir/feature_tests.c.o   -c /home/aisecurity/ai-kiosk/scripts/cmake-3.13.0/CMakeFiles/feature_tests.c
Linking C executable cmTC_ddaae
/home/aisecurity/ai-kiosk/scripts/cmake-3.13.0/Bootstrap.cmk/cmake -E cmake_link_script CMakeFiles/cmTC_ddaae.dir/link.txt --verbose=1
/usr/bin/gcc      -rdynamic CMakeFiles/cmTC_ddaae.dir/feature_tests.c.o  -o cmTC_ddaae 
make[1]: Leaving directory '/home/aisecurity/ai-kiosk/scripts/cmake-3.13.0/CMakeFiles/CMakeTmp'


    Feature record: C_FEATURE:1c_function_prototypes
    Feature record: C_FEATURE:1c_restrict
    Feature record: C_FEATURE:0c_static_assert
    Feature record: C_FEATURE:1c_variadic_macros


Detecting C [-std=c90] compiler features compiled with the following output:
Change Dir: /home/aisecurity/ai-kiosk/scripts/cmake-3.13.0/CMakeFiles/CMakeTmp

Run Build Command:"/usr/bin/make" "cmTC_8dd8f/fast"
make -f CMakeFiles/cmTC_8dd8f.dir/build.make CMakeFiles/cmTC_8dd8f.dir/build
make[1]: Entering directory '/home/aisecurity/ai-kiosk/scripts/cmake-3.13.0/CMakeFiles/CMakeTmp'
Building C object CMakeFiles/cmTC_8dd8f.dir/feature_tests.c.o
/usr/bin/gcc   -std=c90 -o CMakeFiles/cmTC_8dd8f.dir/feature_tests.c.o   -c /home/aisecurity/ai-kiosk/scripts/cmake-3.13.0/CMakeFiles/feature_tests.c
Linking C executable cmTC_8dd8f
/home/aisecurity/ai-kiosk/scripts/cmake-3.13.0/Bootstrap.cmk/cmake -E cmake_link_script CMakeFiles/cmTC_8dd8f.dir/link.txt --verbose=1
/usr/bin/gcc      -rdynamic CMakeFiles/cmTC_8dd8f.dir/feature_tests.c.o  -o cmTC_8dd8f 
make[1]: Leaving directory '/home/aisecurity/ai-kiosk/scripts/cmake-3.13.0/CMakeFiles/CMakeTmp'


    Feature record: C_FEATURE:1c_function_prototypes
    Feature record: C_FEATURE:0c_restrict
    Feature record: C_FEATURE:0c_static_assert
    Feature record: C_FEATURE:0c_variadic_macros
Determining if the CXX compiler works passed with the following output:
Change Dir: /home/aisecurity/ai-kiosk/scripts/cmake-3.13.0/CMakeFiles/CMakeTmp

Run Build Command:"/usr/bin/make" "cmTC_f20c6/fast"
make -f CMakeFiles/cmTC_f20c6.dir/build.make CMakeFiles/cmTC_f20c6.dir/build
make[1]: Entering directory '/home/aisecurity/ai-kiosk/scripts/cmake-3.13.0/CMakeFiles/CMakeTmp'
Building CXX object CMakeFiles/cmTC_f20c6.dir/testCXXCompiler.cxx.o
/usr/bin/g++     -o CMakeFiles/cmTC_f20c6.dir/testCXXCompiler.cxx.o -c /home/aisecurity/ai-kiosk/scripts/cmake-3.13.0/CMakeFiles/CMakeTmp/testCXXCompiler.cxx
Linking CXX executable cmTC_f20c6
/home/aisecurity/ai-kiosk/scripts/cmake-3.13.0/Bootstrap.cmk/cmake -E cmake_link_script CMakeFiles/cmTC_f20c6.dir/link.txt --verbose=1
/usr/bin/g++       -rdynamic CMakeFiles/cmTC_f20c6.dir/testCXXCompiler.cxx.o  -o cmTC_f20c6 
make[1]: Leaving directory '/home/aisecurity/ai-kiosk/scripts/cmake-3.13.0/CMakeFiles/CMakeTmp'


Detecting CXX compiler ABI info compiled with the following output:
Change Dir: /home/aisecurity/ai-kiosk/scripts/cmake-3.13.0/CMakeFiles/CMakeTmp

Run Build Command:"/usr/bin/make" "cmTC_63818/fast"
make -f CMakeFiles/cmTC_63818.dir/build.make CMakeFiles/cmTC_63818.dir/build
make[1]: Entering directory '/home/aisecurity/ai-kiosk/scripts/cmake-3.13.0/CMakeFiles/CMakeTmp'
Building CXX object CMakeFiles/cmTC_63818.dir/CMakeCXXCompilerABI.cpp.o
/usr/bin/g++     -o CMakeFiles/cmTC_63818.dir/CMakeCXXCompilerABI.cpp.o -c /home/aisecurity/ai-kiosk/scripts/cmake-3.13.0/Modules/CMakeCXXCompilerABI.cpp
Linking CXX executable cmTC_63818
/home/aisecurity/ai-kiosk/scripts/cmake-3.13.0/Bootstrap.cmk/cmake -E cmake_link_script CMakeFiles/cmTC_63818.dir/link.txt --verbose=1
/usr/bin/g++      -v -rdynamic CMakeFiles/cmTC_63818.dir/CMakeCXXCompilerABI.cpp.o  -o cmTC_63818 
Using built-in specs.
COLLECT_GCC=/usr/bin/g++
COLLECT_LTO_WRAPPER=/usr/lib/gcc/aarch64-linux-gnu/7/lto-wrapper
Target: aarch64-linux-gnu
Configured with: ../src/configure -v --with-pkgversion='Ubuntu/Linaro 7.4.0-1ubuntu1~18.04.1' --with-bugurl=file:///usr/share/doc/gcc-7/README.Bugs --enable-languages=c,ada,c++,go,d,fortran,objc,obj-c++ --prefix=/usr --with-gcc-major-version-only --program-suffix=-7 --program-prefix=aarch64-linux-gnu- --enable-shared --enable-linker-build-id --libexecdir=/usr/lib --without-included-gettext --enable-threads=posix --libdir=/usr/lib --enable-nls --with-sysroot=/ --enable-clocale=gnu --enable-libstdcxx-debug --enable-libstdcxx-time=yes --with-default-libstdcxx-abi=new --enable-gnu-unique-object --disable-libquadmath --disable-libquadmath-support --enable-plugin --enable-default-pie --with-system-zlib --enable-multiarch --enable-fix-cortex-a53-843419 --disable-werror --enable-checking=release --build=aarch64-linux-gnu --host=aarch64-linux-gnu --target=aarch64-linux-gnu
Thread model: posix
gcc version 7.4.0 (Ubuntu/Linaro 7.4.0-1ubuntu1~18.04.1) 
COMPILER_PATH=/usr/lib/gcc/aarch64-linux-gnu/7/:/usr/lib/gcc/aarch64-linux-gnu/7/:/usr/lib/gcc/aarch64-linux-gnu/:/usr/lib/gcc/aarch64-linux-gnu/7/:/usr/lib/gcc/aarch64-linux-gnu/
LIBRARY_PATH=/usr/lib/gcc/aarch64-linux-gnu/7/:/usr/lib/gcc/aarch64-linux-gnu/7/../../../aarch64-linux-gnu/:/usr/lib/gcc/aarch64-linux-gnu/7/../../../../lib/:/lib/aarch64-linux-gnu/:/lib/../lib/:/usr/lib/aarch64-linux-gnu/:/usr/lib/../lib/:/usr/lib/gcc/aarch64-linux-gnu/7/../../../:/lib/:/usr/lib/
COLLECT_GCC_OPTIONS='-v' '-rdynamic' '-o' 'cmTC_63818' '-shared-libgcc' '-mlittle-endian' '-mabi=lp64'
 /usr/lib/gcc/aarch64-linux-gnu/7/collect2 -plugin /usr/lib/gcc/aarch64-linux-gnu/7/liblto_plugin.so -plugin-opt=/usr/lib/gcc/aarch64-linux-gnu/7/lto-wrapper -plugin-opt=-fresolution=/tmp/ccJay01x.res -plugin-opt=-pass-through=-lgcc_s -plugin-opt=-pass-through=-lgcc -plugin-opt=-pass-through=-lc -plugin-opt=-pass-through=-lgcc_s -plugin-opt=-pass-through=-lgcc --sysroot=/ --build-id --eh-frame-hdr --hash-style=gnu --as-needed -export-dynamic -dynamic-linker /lib/ld-linux-aarch64.so.1 -X -EL -maarch64linux --fix-cortex-a53-843419 -pie -z now -z relro -o cmTC_63818 /usr/lib/gcc/aarch64-linux-gnu/7/../../../aarch64-linux-gnu/Scrt1.o /usr/lib/gcc/aarch64-linux-gnu/7/../../../aarch64-linux-gnu/crti.o /usr/lib/gcc/aarch64-linux-gnu/7/crtbeginS.o -L/usr/lib/gcc/aarch64-linux-gnu/7 -L/usr/lib/gcc/aarch64-linux-gnu/7/../../../aarch64-linux-gnu -L/usr/lib/gcc/aarch64-linux-gnu/7/../../../../lib -L/lib/aarch64-linux-gnu -L/lib/../lib -L/usr/lib/aarch64-linux-gnu -L/usr/lib/../lib -L/usr/lib/gcc/aarch64-linux-gnu/7/../../.. CMakeFiles/cmTC_63818.dir/CMakeCXXCompilerABI.cpp.o -lstdc++ -lm -lgcc_s -lgcc -lc -lgcc_s -lgcc /usr/lib/gcc/aarch64-linux-gnu/7/crtendS.o /usr/lib/gcc/aarch64-linux-gnu/7/../../../aarch64-linux-gnu/crtn.o
COLLECT_GCC_OPTIONS='-v' '-rdynamic' '-o' 'cmTC_63818' '-shared-libgcc' '-mlittle-endian' '-mabi=lp64'
make[1]: Leaving directory '/home/aisecurity/ai-kiosk/scripts/cmake-3.13.0/CMakeFiles/CMakeTmp'


Parsed CXX implicit link information from above output:
  link line regex: [^( *|.*[/\])(ld|CMAKE_LINK_STARTFILE-NOTFOUND|([^/\]+-)?ld|collect2)[^/\]*( |$)]
  ignore line: [Change Dir: /home/aisecurity/ai-kiosk/scripts/cmake-3.13.0/CMakeFiles/CMakeTmp]
  ignore line: []
  ignore line: [Run Build Command:"/usr/bin/make" "cmTC_63818/fast"]
  ignore line: [make -f CMakeFiles/cmTC_63818.dir/build.make CMakeFiles/cmTC_63818.dir/build]
  ignore line: [make[1]: Entering directory '/home/aisecurity/ai-kiosk/scripts/cmake-3.13.0/CMakeFiles/CMakeTmp']
  ignore line: [Building CXX object CMakeFiles/cmTC_63818.dir/CMakeCXXCompilerABI.cpp.o]
  ignore line: [/usr/bin/g++     -o CMakeFiles/cmTC_63818.dir/CMakeCXXCompilerABI.cpp.o -c /home/aisecurity/ai-kiosk/scripts/cmake-3.13.0/Modules/CMakeCXXCompilerABI.cpp]
  ignore line: [Linking CXX executable cmTC_63818]
  ignore line: [/home/aisecurity/ai-kiosk/scripts/cmake-3.13.0/Bootstrap.cmk/cmake -E cmake_link_script CMakeFiles/cmTC_63818.dir/link.txt --verbose=1]
  ignore line: [/usr/bin/g++      -v -rdynamic CMakeFiles/cmTC_63818.dir/CMakeCXXCompilerABI.cpp.o  -o cmTC_63818 ]
  ignore line: [Using built-in specs.]
  ignore line: [COLLECT_GCC=/usr/bin/g++]
  ignore line: [COLLECT_LTO_WRAPPER=/usr/lib/gcc/aarch64-linux-gnu/7/lto-wrapper]
  ignore line: [Target: aarch64-linux-gnu]
  ignore line: [Configured with: ../src/configure -v --with-pkgversion='Ubuntu/Linaro 7.4.0-1ubuntu1~18.04.1' --with-bugurl=file:///usr/share/doc/gcc-7/README.Bugs --enable-languages=c,ada,c++,go,d,fortran,objc,obj-c++ --prefix=/usr --with-gcc-major-version-only --program-suffix=-7 --program-prefix=aarch64-linux-gnu- --enable-shared --enable-linker-build-id --libexecdir=/usr/lib --without-included-gettext --enable-threads=posix --libdir=/usr/lib --enable-nls --with-sysroot=/ --enable-clocale=gnu --enable-libstdcxx-debug --enable-libstdcxx-time=yes --with-default-libstdcxx-abi=new --enable-gnu-unique-object --disable-libquadmath --disable-libquadmath-support --enable-plugin --enable-default-pie --with-system-zlib --enable-multiarch --enable-fix-cortex-a53-843419 --disable-werror --enable-checking=release --build=aarch64-linux-gnu --host=aarch64-linux-gnu --target=aarch64-linux-gnu]
  ignore line: [Thread model: posix]
  ignore line: [gcc version 7.4.0 (Ubuntu/Linaro 7.4.0-1ubuntu1~18.04.1) ]
  ignore line: [COMPILER_PATH=/usr/lib/gcc/aarch64-linux-gnu/7/:/usr/lib/gcc/aarch64-linux-gnu/7/:/usr/lib/gcc/aarch64-linux-gnu/:/usr/lib/gcc/aarch64-linux-gnu/7/:/usr/lib/gcc/aarch64-linux-gnu/]
  ignore line: [LIBRARY_PATH=/usr/lib/gcc/aarch64-linux-gnu/7/:/usr/lib/gcc/aarch64-linux-gnu/7/../../../aarch64-linux-gnu/:/usr/lib/gcc/aarch64-linux-gnu/7/../../../../lib/:/lib/aarch64-linux-gnu/:/lib/../lib/:/usr/lib/aarch64-linux-gnu/:/usr/lib/../lib/:/usr/lib/gcc/aarch64-linux-gnu/7/../../../:/lib/:/usr/lib/]
  ignore line: [COLLECT_GCC_OPTIONS='-v' '-rdynamic' '-o' 'cmTC_63818' '-shared-libgcc' '-mlittle-endian' '-mabi=lp64']
  link line: [ /usr/lib/gcc/aarch64-linux-gnu/7/collect2 -plugin /usr/lib/gcc/aarch64-linux-gnu/7/liblto_plugin.so -plugin-opt=/usr/lib/gcc/aarch64-linux-gnu/7/lto-wrapper -plugin-opt=-fresolution=/tmp/ccJay01x.res -plugin-opt=-pass-through=-lgcc_s -plugin-opt=-pass-through=-lgcc -plugin-opt=-pass-through=-lc -plugin-opt=-pass-through=-lgcc_s -plugin-opt=-pass-through=-lgcc --sysroot=/ --build-id --eh-frame-hdr --hash-style=gnu --as-needed -export-dynamic -dynamic-linker /lib/ld-linux-aarch64.so.1 -X -EL -maarch64linux --fix-cortex-a53-843419 -pie -z now -z relro -o cmTC_63818 /usr/lib/gcc/aarch64-linux-gnu/7/../../../aarch64-linux-gnu/Scrt1.o /usr/lib/gcc/aarch64-linux-gnu/7/../../../aarch64-linux-gnu/crti.o /usr/lib/gcc/aarch64-linux-gnu/7/crtbeginS.o -L/usr/lib/gcc/aarch64-linux-gnu/7 -L/usr/lib/gcc/aarch64-linux-gnu/7/../../../aarch64-linux-gnu -L/usr/lib/gcc/aarch64-linux-gnu/7/../../../../lib -L/lib/aarch64-linux-gnu -L/lib/../lib -L/usr/lib/aarch64-linux-gnu -L/usr/lib/../lib -L/usr/lib/gcc/aarch64-linux-gnu/7/../../.. CMakeFiles/cmTC_63818.dir/CMakeCXXCompilerABI.cpp.o -lstdc++ -lm -lgcc_s -lgcc -lc -lgcc_s -lgcc /usr/lib/gcc/aarch64-linux-gnu/7/crtendS.o /usr/lib/gcc/aarch64-linux-gnu/7/../../../aarch64-linux-gnu/crtn.o]
    arg [/usr/lib/gcc/aarch64-linux-gnu/7/collect2] ==> ignore
    arg [-plugin] ==> ignore
    arg [/usr/lib/gcc/aarch64-linux-gnu/7/liblto_plugin.so] ==> ignore
    arg [-plugin-opt=/usr/lib/gcc/aarch64-linux-gnu/7/lto-wrapper] ==> ignore
    arg [-plugin-opt=-fresolution=/tmp/ccJay01x.res] ==> ignore
    arg [-plugin-opt=-pass-through=-lgcc_s] ==> ignore
    arg [-plugin-opt=-pass-through=-lgcc] ==> ignore
    arg [-plugin-opt=-pass-through=-lc] ==> ignore
    arg [-plugin-opt=-pass-through=-lgcc_s] ==> ignore
    arg [-plugin-opt=-pass-through=-lgcc] ==> ignore
    arg [--sysroot=/] ==> ignore
    arg [--build-id] ==> ignore
    arg [--eh-frame-hdr] ==> ignore
    arg [--hash-style=gnu] ==> ignore
    arg [--as-needed] ==> ignore
    arg [-export-dynamic] ==> ignore
    arg [-dynamic-linker] ==> ignore
    arg [/lib/ld-linux-aarch64.so.1] ==> ignore
    arg [-X] ==> ignore
    arg [-EL] ==> ignore
    arg [-maarch64linux] ==> ignore
    arg [--fix-cortex-a53-843419] ==> ignore
    arg [-pie] ==> ignore
    arg [-znow] ==> ignore
    arg [-zrelro] ==> ignore
    arg [-o] ==> ignore
    arg [cmTC_63818] ==> ignore
    arg [/usr/lib/gcc/aarch64-linux-gnu/7/../../../aarch64-linux-gnu/Scrt1.o] ==> ignore
    arg [/usr/lib/gcc/aarch64-linux-gnu/7/../../../aarch64-linux-gnu/crti.o] ==> ignore
    arg [/usr/lib/gcc/aarch64-linux-gnu/7/crtbeginS.o] ==> ignore
    arg [-L/usr/lib/gcc/aarch64-linux-gnu/7] ==> dir [/usr/lib/gcc/aarch64-linux-gnu/7]
    arg [-L/usr/lib/gcc/aarch64-linux-gnu/7/../../../aarch64-linux-gnu] ==> dir [/usr/lib/gcc/aarch64-linux-gnu/7/../../../aarch64-linux-gnu]
    arg [-L/usr/lib/gcc/aarch64-linux-gnu/7/../../../../lib] ==> dir [/usr/lib/gcc/aarch64-linux-gnu/7/../../../../lib]
    arg [-L/lib/aarch64-linux-gnu] ==> dir [/lib/aarch64-linux-gnu]
    arg [-L/lib/../lib] ==> dir [/lib/../lib]
    arg [-L/usr/lib/aarch64-linux-gnu] ==> dir [/usr/lib/aarch64-linux-gnu]
    arg [-L/usr/lib/../lib] ==> dir [/usr/lib/../lib]
    arg [-L/usr/lib/gcc/aarch64-linux-gnu/7/../../..] ==> dir [/usr/lib/gcc/aarch64-linux-gnu/7/../../..]
    arg [CMakeFiles/cmTC_63818.dir/CMakeCXXCompilerABI.cpp.o] ==> ignore
    arg [-lstdc++] ==> lib [stdc++]
    arg [-lm] ==> lib [m]
    arg [-lgcc_s] ==> lib [gcc_s]
    arg [-lgcc] ==> lib [gcc]
    arg [-lc] ==> lib [c]
    arg [-lgcc_s] ==> lib [gcc_s]
    arg [-lgcc] ==> lib [gcc]
    arg [/usr/lib/gcc/aarch64-linux-gnu/7/crtendS.o] ==> ignore
    arg [/usr/lib/gcc/aarch64-linux-gnu/7/../../../aarch64-linux-gnu/crtn.o] ==> ignore
  collapse library dir [/usr/lib/gcc/aarch64-linux-gnu/7] ==> [/usr/lib/gcc/aarch64-linux-gnu/7]
  collapse library dir [/usr/lib/gcc/aarch64-linux-gnu/7/../../../aarch64-linux-gnu] ==> [/usr/lib/aarch64-linux-gnu]
  collapse library dir [/usr/lib/gcc/aarch64-linux-gnu/7/../../../../lib] ==> [/usr/lib]
  collapse library dir [/lib/aarch64-linux-gnu] ==> [/lib/aarch64-linux-gnu]
  collapse library dir [/lib/../lib] ==> [/lib]
  collapse library dir [/usr/lib/aarch64-linux-gnu] ==> [/usr/lib/aarch64-linux-gnu]
  collapse library dir [/usr/lib/../lib] ==> [/usr/lib]
  collapse library dir [/usr/lib/gcc/aarch64-linux-gnu/7/../../..] ==> [/usr/lib]
  implicit libs: [stdc++;m;gcc_s;gcc;c;gcc_s;gcc]
  implicit dirs: [/usr/lib/gcc/aarch64-linux-gnu/7;/usr/lib/aarch64-linux-gnu;/usr/lib;/lib/aarch64-linux-gnu;/lib]
  implicit fwks: []




Detecting CXX [-std=c++1z] compiler features compiled with the following output:
Change Dir: /home/aisecurity/ai-kiosk/scripts/cmake-3.13.0/CMakeFiles/CMakeTmp

Run Build Command:"/usr/bin/make" "cmTC_fca20/fast"
make -f CMakeFiles/cmTC_fca20.dir/build.make CMakeFiles/cmTC_fca20.dir/build
make[1]: Entering directory '/home/aisecurity/ai-kiosk/scripts/cmake-3.13.0/CMakeFiles/CMakeTmp'
Building CXX object CMakeFiles/cmTC_fca20.dir/feature_tests.cxx.o
/usr/bin/g++    -std=c++1z -o CMakeFiles/cmTC_fca20.dir/feature_tests.cxx.o -c /home/aisecurity/ai-kiosk/scripts/cmake-3.13.0/CMakeFiles/feature_tests.cxx
Linking CXX executable cmTC_fca20
/home/aisecurity/ai-kiosk/scripts/cmake-3.13.0/Bootstrap.cmk/cmake -E cmake_link_script CMakeFiles/cmTC_fca20.dir/link.txt --verbose=1
/usr/bin/g++       -rdynamic CMakeFiles/cmTC_fca20.dir/feature_tests.cxx.o  -o cmTC_fca20 
make[1]: Leaving directory '/home/aisecurity/ai-kiosk/scripts/cmake-3.13.0/CMakeFiles/CMakeTmp'


    Feature record: CXX_FEATURE:1cxx_aggregate_default_initializers
    Feature record: CXX_FEATURE:1cxx_alias_templates
    Feature record: CXX_FEATURE:1cxx_alignas
    Feature record: CXX_FEATURE:1cxx_alignof
    Feature record: CXX_FEATURE:1cxx_attributes
    Feature record: CXX_FEATURE:1cxx_attribute_deprecated
    Feature record: CXX_FEATURE:1cxx_auto_type
    Feature record: CXX_FEATURE:1cxx_binary_literals
    Feature record: CXX_FEATURE:1cxx_constexpr
    Feature record: CXX_FEATURE:1cxx_contextual_conversions
    Feature record: CXX_FEATURE:1cxx_decltype
    Feature record: CXX_FEATURE:1cxx_decltype_auto
    Feature record: CXX_FEATURE:1cxx_decltype_incomplete_return_types
    Feature record: CXX_FEATURE:1cxx_default_function_template_args
    Feature record: CXX_FEATURE:1cxx_defaulted_functions
    Feature record: CXX_FEATURE:1cxx_defaulted_move_initializers
    Feature record: CXX_FEATURE:1cxx_delegating_constructors
    Feature record: CXX_FEATURE:1cxx_deleted_functions
    Feature record: CXX_FEATURE:1cxx_digit_separators
    Feature record: CXX_FEATURE:1cxx_enum_forward_declarations
    Feature record: CXX_FEATURE:1cxx_explicit_conversions
    Feature record: CXX_FEATURE:1cxx_extended_friend_declarations
    Feature record: CXX_FEATURE:1cxx_extern_templates
    Feature record: CXX_FEATURE:1cxx_final
    Feature record: CXX_FEATURE:1cxx_func_identifier
    Feature record: CXX_FEATURE:1cxx_generalized_initializers
    Feature record: CXX_FEATURE:1cxx_generic_lambdas
    Feature record: CXX_FEATURE:1cxx_inheriting_constructors
    Feature record: CXX_FEATURE:1cxx_inline_namespaces
    Feature record: CXX_FEATURE:1cxx_lambdas
    Feature record: CXX_FEATURE:1cxx_lambda_init_captures
    Feature record: CXX_FEATURE:1cxx_local_type_template_args
    Feature record: CXX_FEATURE:1cxx_long_long_type
    Feature record: CXX_FEATURE:1cxx_noexcept
    Feature record: CXX_FEATURE:1cxx_nonstatic_member_init
    Feature record: CXX_FEATURE:1cxx_nullptr
    Feature record: CXX_FEATURE:1cxx_override
    Feature record: CXX_FEATURE:1cxx_range_for
    Feature record: CXX_FEATURE:1cxx_raw_string_literals
    Feature record: CXX_FEATURE:1cxx_reference_qualified_functions
    Feature record: CXX_FEATURE:1cxx_relaxed_constexpr
    Feature record: CXX_FEATURE:1cxx_return_type_deduction
    Feature record: CXX_FEATURE:1cxx_right_angle_brackets
    Feature record: CXX_FEATURE:1cxx_rvalue_references
    Feature record: CXX_FEATURE:1cxx_sizeof_member
    Feature record: CXX_FEATURE:1cxx_static_assert
    Feature record: CXX_FEATURE:1cxx_strong_enums
    Feature record: CXX_FEATURE:1cxx_template_template_parameters
    Feature record: CXX_FEATURE:1cxx_thread_local
    Feature record: CXX_FEATURE:1cxx_trailing_return_types
    Feature record: CXX_FEATURE:1cxx_unicode_literals
    Feature record: CXX_FEATURE:1cxx_uniform_initialization
    Feature record: CXX_FEATURE:1cxx_unrestricted_unions
    Feature record: CXX_FEATURE:1cxx_user_literals
    Feature record: CXX_FEATURE:1cxx_variable_templates
    Feature record: CXX_FEATURE:1cxx_variadic_macros
    Feature record: CXX_FEATURE:1cxx_variadic_templates


Detecting CXX [-std=c++14] compiler features compiled with the following output:
Change Dir: /home/aisecurity/ai-kiosk/scripts/cmake-3.13.0/CMakeFiles/CMakeTmp

Run Build Command:"/usr/bin/make" "cmTC_fa2e9/fast"
make -f CMakeFiles/cmTC_fa2e9.dir/build.make CMakeFiles/cmTC_fa2e9.dir/build
make[1]: Entering directory '/home/aisecurity/ai-kiosk/scripts/cmake-3.13.0/CMakeFiles/CMakeTmp'
Building CXX object CMakeFiles/cmTC_fa2e9.dir/feature_tests.cxx.o
/usr/bin/g++    -std=c++14 -o CMakeFiles/cmTC_fa2e9.dir/feature_tests.cxx.o -c /home/aisecurity/ai-kiosk/scripts/cmake-3.13.0/CMakeFiles/feature_tests.cxx
Linking CXX executable cmTC_fa2e9
/home/aisecurity/ai-kiosk/scripts/cmake-3.13.0/Bootstrap.cmk/cmake -E cmake_link_script CMakeFiles/cmTC_fa2e9.dir/link.txt --verbose=1
/usr/bin/g++       -rdynamic CMakeFiles/cmTC_fa2e9.dir/feature_tests.cxx.o  -o cmTC_fa2e9 
make[1]: Leaving directory '/home/aisecurity/ai-kiosk/scripts/cmake-3.13.0/CMakeFiles/CMakeTmp'


    Feature record: CXX_FEATURE:1cxx_aggregate_default_initializers
    Feature record: CXX_FEATURE:1cxx_alias_templates
    Feature record: CXX_FEATURE:1cxx_alignas
    Feature record: CXX_FEATURE:1cxx_alignof
    Feature record: CXX_FEATURE:1cxx_attributes
    Feature record: CXX_FEATURE:1cxx_attribute_deprecated
    Feature record: CXX_FEATURE:1cxx_auto_type
    Feature record: CXX_FEATURE:1cxx_binary_literals
    Feature record: CXX_FEATURE:1cxx_constexpr
    Feature record: CXX_FEATURE:1cxx_contextual_conversions
    Feature record: CXX_FEATURE:1cxx_decltype
    Feature record: CXX_FEATURE:1cxx_decltype_auto
    Feature record: CXX_FEATURE:1cxx_decltype_incomplete_return_types
    Feature record: CXX_FEATURE:1cxx_default_function_template_args
    Feature record: CXX_FEATURE:1cxx_defaulted_functions
    Feature record: CXX_FEATURE:1cxx_defaulted_move_initializers
    Feature record: CXX_FEATURE:1cxx_delegating_constructors
    Feature record: CXX_FEATURE:1cxx_deleted_functions
    Feature record: CXX_FEATURE:1cxx_digit_separators
    Feature record: CXX_FEATURE:1cxx_enum_forward_declarations
    Feature record: CXX_FEATURE:1cxx_explicit_conversions
    Feature record: CXX_FEATURE:1cxx_extended_friend_declarations
    Feature record: CXX_FEATURE:1cxx_extern_templates
    Feature record: CXX_FEATURE:1cxx_final
    Feature record: CXX_FEATURE:1cxx_func_identifier
    Feature record: CXX_FEATURE:1cxx_generalized_initializers
    Feature record: CXX_FEATURE:1cxx_generic_lambdas
    Feature record: CXX_FEATURE:1cxx_inheriting_constructors
    Feature record: CXX_FEATURE:1cxx_inline_namespaces
    Feature record: CXX_FEATURE:1cxx_lambdas
    Feature record: CXX_FEATURE:1cxx_lambda_init_captures
    Feature record: CXX_FEATURE:1cxx_local_type_template_args
    Feature record: CXX_FEATURE:1cxx_long_long_type
    Feature record: CXX_FEATURE:1cxx_noexcept
    Feature record: CXX_FEATURE:1cxx_nonstatic_member_init
    Feature record: CXX_FEATURE:1cxx_nullptr
    Feature record: CXX_FEATURE:1cxx_override
    Feature record: CXX_FEATURE:1cxx_range_for
    Feature record: CXX_FEATURE:1cxx_raw_string_literals
    Feature record: CXX_FEATURE:1cxx_reference_qualified_functions
    Feature record: CXX_FEATURE:1cxx_relaxed_constexpr
    Feature record: CXX_FEATURE:1cxx_return_type_deduction
    Feature record: CXX_FEATURE:1cxx_right_angle_brackets
    Feature record: CXX_FEATURE:1cxx_rvalue_references
    Feature record: CXX_FEATURE:1cxx_sizeof_member
    Feature record: CXX_FEATURE:1cxx_static_assert
    Feature record: CXX_FEATURE:1cxx_strong_enums
    Feature record: CXX_FEATURE:1cxx_template_template_parameters
    Feature record: CXX_FEATURE:1cxx_thread_local
    Feature record: CXX_FEATURE:1cxx_trailing_return_types
    Feature record: CXX_FEATURE:1cxx_unicode_literals
    Feature record: CXX_FEATURE:1cxx_uniform_initialization
    Feature record: CXX_FEATURE:1cxx_unrestricted_unions
    Feature record: CXX_FEATURE:1cxx_user_literals
    Feature record: CXX_FEATURE:1cxx_variable_templates
    Feature record: CXX_FEATURE:1cxx_variadic_macros
    Feature record: CXX_FEATURE:1cxx_variadic_templates


Detecting CXX [-std=c++11] compiler features compiled with the following output:
Change Dir: /home/aisecurity/ai-kiosk/scripts/cmake-3.13.0/CMakeFiles/CMakeTmp

Run Build Command:"/usr/bin/make" "cmTC_98635/fast"
make -f CMakeFiles/cmTC_98635.dir/build.make CMakeFiles/cmTC_98635.dir/build
make[1]: Entering directory '/home/aisecurity/ai-kiosk/scripts/cmake-3.13.0/CMakeFiles/CMakeTmp'
Building CXX object CMakeFiles/cmTC_98635.dir/feature_tests.cxx.o
/usr/bin/g++    -std=c++11 -o CMakeFiles/cmTC_98635.dir/feature_tests.cxx.o -c /home/aisecurity/ai-kiosk/scripts/cmake-3.13.0/CMakeFiles/feature_tests.cxx
Linking CXX executable cmTC_98635
/home/aisecurity/ai-kiosk/scripts/cmake-3.13.0/Bootstrap.cmk/cmake -E cmake_link_script CMakeFiles/cmTC_98635.dir/link.txt --verbose=1
/usr/bin/g++       -rdynamic CMakeFiles/cmTC_98635.dir/feature_tests.cxx.o  -o cmTC_98635 
make[1]: Leaving directory '/home/aisecurity/ai-kiosk/scripts/cmake-3.13.0/CMakeFiles/CMakeTmp'


    Feature record: CXX_FEATURE:0cxx_aggregate_default_initializers
    Feature record: CXX_FEATURE:1cxx_alias_templates
    Feature record: CXX_FEATURE:1cxx_alignas
    Feature record: CXX_FEATURE:1cxx_alignof
    Feature record: CXX_FEATURE:1cxx_attributes
    Feature record: CXX_FEATURE:0cxx_attribute_deprecated
    Feature record: CXX_FEATURE:1cxx_auto_type
    Feature record: CXX_FEATURE:0cxx_binary_literals
    Feature record: CXX_FEATURE:1cxx_constexpr
    Feature record: CXX_FEATURE:0cxx_contextual_conversions
    Feature record: CXX_FEATURE:1cxx_decltype
    Feature record: CXX_FEATURE:0cxx_decltype_auto
    Feature record: CXX_FEATURE:1cxx_decltype_incomplete_return_types
    Feature record: CXX_FEATURE:1cxx_default_function_template_args
    Feature record: CXX_FEATURE:1cxx_defaulted_functions
    Feature record: CXX_FEATURE:1cxx_defaulted_move_initializers
    Feature record: CXX_FEATURE:1cxx_delegating_constructors
    Feature record: CXX_FEATURE:1cxx_deleted_functions
    Feature record: CXX_FEATURE:0cxx_digit_separators
    Feature record: CXX_FEATURE:1cxx_enum_forward_declarations
    Feature record: CXX_FEATURE:1cxx_explicit_conversions
    Feature record: CXX_FEATURE:1cxx_extended_friend_declarations
    Feature record: CXX_FEATURE:1cxx_extern_templates
    Feature record: CXX_FEATURE:1cxx_final
    Feature record: CXX_FEATURE:1cxx_func_identifier
    Feature record: CXX_FEATURE:1cxx_generalized_initializers
    Feature record: CXX_FEATURE:0cxx_generic_lambdas
    Feature record: CXX_FEATURE:1cxx_inheriting_constructors
    Feature record: CXX_FEATURE:1cxx_inline_namespaces
    Feature record: CXX_FEATURE:1cxx_lambdas
    Feature record: CXX_FEATURE:0cxx_lambda_init_captures
    Feature record: CXX_FEATURE:1cxx_local_type_template_args
    Feature record: CXX_FEATURE:1cxx_long_long_type
    Feature record: CXX_FEATURE:1cxx_noexcept
    Feature record: CXX_FEATURE:1cxx_nonstatic_member_init
    Feature record: CXX_FEATURE:1cxx_nullptr
    Feature record: CXX_FEATURE:1cxx_override
    Feature record: CXX_FEATURE:1cxx_range_for
    Feature record: CXX_FEATURE:1cxx_raw_string_literals
    Feature record: CXX_FEATURE:1cxx_reference_qualified_functions
    Feature record: CXX_FEATURE:0cxx_relaxed_constexpr
    Feature record: CXX_FEATURE:0cxx_return_type_deduction
    Feature record: CXX_FEATURE:1cxx_right_angle_brackets
    Feature record: CXX_FEATURE:1cxx_rvalue_references
    Feature record: CXX_FEATURE:1cxx_sizeof_member
    Feature record: CXX_FEATURE:1cxx_static_assert
    Feature record: CXX_FEATURE:1cxx_strong_enums
    Feature record: CXX_FEATURE:1cxx_template_template_parameters
    Feature record: CXX_FEATURE:1cxx_thread_local
    Feature record: CXX_FEATURE:1cxx_trailing_return_types
    Feature record: CXX_FEATURE:1cxx_unicode_literals
    Feature record: CXX_FEATURE:1cxx_uniform_initialization
    Feature record: CXX_FEATURE:1cxx_unrestricted_unions
    Feature record: CXX_FEATURE:1cxx_user_literals
    Feature record: CXX_FEATURE:0cxx_variable_templates
    Feature record: CXX_FEATURE:1cxx_variadic_macros
    Feature record: CXX_FEATURE:1cxx_variadic_templates


Detecting CXX [-std=c++98] compiler features compiled with the following output:
Change Dir: /home/aisecurity/ai-kiosk/scripts/cmake-3.13.0/CMakeFiles/CMakeTmp

Run Build Command:"/usr/bin/make" "cmTC_204ba/fast"
make -f CMakeFiles/cmTC_204ba.dir/build.make CMakeFiles/cmTC_204ba.dir/build
make[1]: Entering directory '/home/aisecurity/ai-kiosk/scripts/cmake-3.13.0/CMakeFiles/CMakeTmp'
Building CXX object CMakeFiles/cmTC_204ba.dir/feature_tests.cxx.o
/usr/bin/g++    -std=c++98 -o CMakeFiles/cmTC_204ba.dir/feature_tests.cxx.o -c /home/aisecurity/ai-kiosk/scripts/cmake-3.13.0/CMakeFiles/feature_tests.cxx
Linking CXX executable cmTC_204ba
/home/aisecurity/ai-kiosk/scripts/cmake-3.13.0/Bootstrap.cmk/cmake -E cmake_link_script CMakeFiles/cmTC_204ba.dir/link.txt --verbose=1
/usr/bin/g++       -rdynamic CMakeFiles/cmTC_204ba.dir/feature_tests.cxx.o  -o cmTC_204ba 
make[1]: Leaving directory '/home/aisecurity/ai-kiosk/scripts/cmake-3.13.0/CMakeFiles/CMakeTmp'


    Feature record: CXX_FEATURE:0cxx_aggregate_default_initializers
    Feature record: CXX_FEATURE:0cxx_alias_templates
    Feature record: CXX_FEATURE:0cxx_alignas
    Feature record: CXX_FEATURE:0cxx_alignof
    Feature record: CXX_FEATURE:0cxx_attributes
    Feature record: CXX_FEATURE:0cxx_attribute_deprecated
    Feature record: CXX_FEATURE:0cxx_auto_type
    Feature record: CXX_FEATURE:0cxx_binary_literals
    Feature record: CXX_FEATURE:0cxx_constexpr
    Feature record: CXX_FEATURE:0cxx_contextual_conversions
    Feature record: CXX_FEATURE:0cxx_decltype
    Feature record: CXX_FEATURE:0cxx_decltype_auto
    Feature record: CXX_FEATURE:0cxx_decltype_incomplete_return_types
    Feature record: CXX_FEATURE:0cxx_default_function_template_args
    Feature record: CXX_FEATURE:0cxx_defaulted_functions
    Feature record: CXX_FEATURE:0cxx_defaulted_move_initializers
    Feature record: CXX_FEATURE:0cxx_delegating_constructors
    Feature record: CXX_FEATURE:0cxx_deleted_functions
    Feature record: CXX_FEATURE:0cxx_digit_separators
    Feature record: CXX_FEATURE:0cxx_enum_forward_declarations
    Feature record: CXX_FEATURE:0cxx_explicit_conversions
    Feature record: CXX_FEATURE:0cxx_extended_friend_declarations
    Feature record: CXX_FEATURE:0cxx_extern_templates
    Feature record: CXX_FEATURE:0cxx_final
    Feature record: CXX_FEATURE:0cxx_func_identifier
    Feature record: CXX_FEATURE:0cxx_generalized_initializers
    Feature record: CXX_FEATURE:0cxx_generic_lambdas
    Feature record: CXX_FEATURE:0cxx_inheriting_constructors
    Feature record: CXX_FEATURE:0cxx_inline_namespaces
    Feature record: CXX_FEATURE:0cxx_lambdas
    Feature record: CXX_FEATURE:0cxx_lambda_init_captures
    Feature record: CXX_FEATURE:0cxx_local_type_template_args
    Feature record: CXX_FEATURE:0cxx_long_long_type
    Feature record: CXX_FEATURE:0cxx_noexcept
    Feature record: CXX_FEATURE:0cxx_nonstatic_member_init
    Feature record: CXX_FEATURE:0cxx_nullptr
    Feature record: CXX_FEATURE:0cxx_override
    Feature record: CXX_FEATURE:0cxx_range_for
    Feature record: CXX_FEATURE:0cxx_raw_string_literals
    Feature record: CXX_FEATURE:0cxx_reference_qualified_functions
    Feature record: CXX_FEATURE:0cxx_relaxed_constexpr
    Feature record: CXX_FEATURE:0cxx_return_type_deduction
    Feature record: CXX_FEATURE:0cxx_right_angle_brackets
    Feature record: CXX_FEATURE:0cxx_rvalue_references
    Feature record: CXX_FEATURE:0cxx_sizeof_member
    Feature record: CXX_FEATURE:0cxx_static_assert
    Feature record: CXX_FEATURE:0cxx_strong_enums
    Feature record: CXX_FEATURE:1cxx_template_template_parameters
    Feature record: CXX_FEATURE:0cxx_thread_local
    Feature record: CXX_FEATURE:0cxx_trailing_return_types
    Feature record: CXX_FEATURE:0cxx_unicode_literals
    Feature record: CXX_FEATURE:0cxx_uniform_initialization
    Feature record: CXX_FEATURE:0cxx_unrestricted_unions
    Feature record: CXX_FEATURE:0cxx_user_literals
    Feature record: CXX_FEATURE:0cxx_variable_templates
    Feature record: CXX_FEATURE:0cxx_variadic_macros
    Feature record: CXX_FEATURE:0cxx_variadic_templates
Determining if compiler supports C11 _Thread_local passed with the following output:
Change Dir: /home/aisecurity/ai-kiosk/scripts/cmake-3.13.0/CMakeFiles/CMakeTmp

Run Build Command:"/usr/bin/make" "cmTC_18703/fast"
make -f CMakeFiles/cmTC_18703.dir/build.make CMakeFiles/cmTC_18703.dir/build
make[1]: Entering directory '/home/aisecurity/ai-kiosk/scripts/cmake-3.13.0/CMakeFiles/CMakeTmp'
Building C object CMakeFiles/cmTC_18703.dir/cm_c11_thread_local.c.o
/usr/bin/gcc   -std=gnu11 -o CMakeFiles/cmTC_18703.dir/cm_c11_thread_local.c.o   -c /home/aisecurity/ai-kiosk/scripts/cmake-3.13.0/Source/Checks/cm_c11_thread_local.c
Linking C executable cmTC_18703
/home/aisecurity/ai-kiosk/scripts/cmake-3.13.0/Bootstrap.cmk/cmake -E cmake_link_script CMakeFiles/cmTC_18703.dir/link.txt --verbose=1
/usr/bin/gcc      -rdynamic CMakeFiles/cmTC_18703.dir/cm_c11_thread_local.c.o  -o cmTC_18703 
make[1]: Leaving directory '/home/aisecurity/ai-kiosk/scripts/cmake-3.13.0/CMakeFiles/CMakeTmp'


Determining if compiler supports needed C++17 constructs passed with the following output:
Change Dir: /home/aisecurity/ai-kiosk/scripts/cmake-3.13.0/CMakeFiles/CMakeTmp

Run Build Command:"/usr/bin/make" "cmTC_cf092/fast"
make -f CMakeFiles/cmTC_cf092.dir/build.make CMakeFiles/cmTC_cf092.dir/build
make[1]: Entering directory '/home/aisecurity/ai-kiosk/scripts/cmake-3.13.0/CMakeFiles/CMakeTmp'
Building CXX object CMakeFiles/cmTC_cf092.dir/cm_cxx17_check.cpp.o
/usr/bin/g++    -std=gnu++1z -o CMakeFiles/cmTC_cf092.dir/cm_cxx17_check.cpp.o -c /home/aisecurity/ai-kiosk/scripts/cmake-3.13.0/Source/Checks/cm_cxx17_check.cpp
Linking CXX executable cmTC_cf092
/home/aisecurity/ai-kiosk/scripts/cmake-3.13.0/Bootstrap.cmk/cmake -E cmake_link_script CMakeFiles/cmTC_cf092.dir/link.txt --verbose=1
/usr/bin/g++       -rdynamic CMakeFiles/cmTC_cf092.dir/cm_cxx17_check.cpp.o  -o cmTC_cf092 
make[1]: Leaving directory '/home/aisecurity/ai-kiosk/scripts/cmake-3.13.0/CMakeFiles/CMakeTmp'


Determining if compiler supports C++ make_unique passed with the following output:
Change Dir: /home/aisecurity/ai-kiosk/scripts/cmake-3.13.0/CMakeFiles/CMakeTmp

Run Build Command:"/usr/bin/make" "cmTC_30a36/fast"
make -f CMakeFiles/cmTC_30a36.dir/build.make CMakeFiles/cmTC_30a36.dir/build
make[1]: Entering directory '/home/aisecurity/ai-kiosk/scripts/cmake-3.13.0/CMakeFiles/CMakeTmp'
Building CXX object CMakeFiles/cmTC_30a36.dir/cm_cxx_make_unique.cxx.o
/usr/bin/g++    -std=gnu++1z -o CMakeFiles/cmTC_30a36.dir/cm_cxx_make_unique.cxx.o -c /home/aisecurity/ai-kiosk/scripts/cmake-3.13.0/Source/Checks/cm_cxx_make_unique.cxx
Linking CXX executable cmTC_30a36
/home/aisecurity/ai-kiosk/scripts/cmake-3.13.0/Bootstrap.cmk/cmake -E cmake_link_script CMakeFiles/cmTC_30a36.dir/link.txt --verbose=1
/usr/bin/g++       -rdynamic CMakeFiles/cmTC_30a36.dir/cm_cxx_make_unique.cxx.o  -o cmTC_30a36 
make[1]: Leaving directory '/home/aisecurity/ai-kiosk/scripts/cmake-3.13.0/CMakeFiles/CMakeTmp'


Determining if the unsetenv exist passed with the following output:
Change Dir: /home/aisecurity/ai-kiosk/scripts/cmake-3.13.0/CMakeFiles/CMakeTmp

Run Build Command:"/usr/bin/make" "cmTC_c1c13/fast"
make -f CMakeFiles/cmTC_c1c13.dir/build.make CMakeFiles/cmTC_c1c13.dir/build
make[1]: Entering directory '/home/aisecurity/ai-kiosk/scripts/cmake-3.13.0/CMakeFiles/CMakeTmp'
Building C object CMakeFiles/cmTC_c1c13.dir/CheckSymbolExists.c.o
/usr/bin/gcc    -o CMakeFiles/cmTC_c1c13.dir/CheckSymbolExists.c.o   -c /home/aisecurity/ai-kiosk/scripts/cmake-3.13.0/CMakeFiles/CMakeTmp/CheckSymbolExists.c
Linking C executable cmTC_c1c13
/home/aisecurity/ai-kiosk/scripts/cmake-3.13.0/Bootstrap.cmk/cmake -E cmake_link_script CMakeFiles/cmTC_c1c13.dir/link.txt --verbose=1
/usr/bin/gcc      -rdynamic CMakeFiles/cmTC_c1c13.dir/CheckSymbolExists.c.o  -o cmTC_c1c13 
make[1]: Leaving directory '/home/aisecurity/ai-kiosk/scripts/cmake-3.13.0/CMakeFiles/CMakeTmp'

File /home/aisecurity/ai-kiosk/scripts/cmake-3.13.0/CMakeFiles/CMakeTmp/CheckSymbolExists.c:
/* */
#include <stdlib.h>

int main(int argc, char** argv)
{
  (void)argv;
#ifndef unsetenv
  return ((int*)(&unsetenv))[argc];
#else
  (void)argc;
  return 0;
#endif
}

Determining if the include file pthread.h exists passed with the following output:
Change Dir: /home/aisecurity/ai-kiosk/scripts/cmake-3.13.0/CMakeFiles/CMakeTmp

Run Build Command:"/usr/bin/make" "cmTC_5cf34/fast"
make -f CMakeFiles/cmTC_5cf34.dir/build.make CMakeFiles/cmTC_5cf34.dir/build
make[1]: Entering directory '/home/aisecurity/ai-kiosk/scripts/cmake-3.13.0/CMakeFiles/CMakeTmp'
Building C object CMakeFiles/cmTC_5cf34.dir/CheckIncludeFile.c.o
/usr/bin/gcc    -o CMakeFiles/cmTC_5cf34.dir/CheckIncludeFile.c.o   -c /home/aisecurity/ai-kiosk/scripts/cmake-3.13.0/CMakeFiles/CMakeTmp/CheckIncludeFile.c
Linking C executable cmTC_5cf34
/home/aisecurity/ai-kiosk/scripts/cmake-3.13.0/Bootstrap.cmk/cmake -E cmake_link_script CMakeFiles/cmTC_5cf34.dir/link.txt --verbose=1
/usr/bin/gcc      -rdynamic CMakeFiles/cmTC_5cf34.dir/CheckIncludeFile.c.o  -o cmTC_5cf34 
make[1]: Leaving directory '/home/aisecurity/ai-kiosk/scripts/cmake-3.13.0/CMakeFiles/CMakeTmp'


Determining if the function pthread_create exists in the pthread passed with the following output:
Change Dir: /home/aisecurity/ai-kiosk/scripts/cmake-3.13.0/CMakeFiles/CMakeTmp

Run Build Command:"/usr/bin/make" "cmTC_8fa87/fast"
make -f CMakeFiles/cmTC_8fa87.dir/build.make CMakeFiles/cmTC_8fa87.dir/build
make[1]: Entering directory '/home/aisecurity/ai-kiosk/scripts/cmake-3.13.0/CMakeFiles/CMakeTmp'
Building C object CMakeFiles/cmTC_8fa87.dir/CheckFunctionExists.c.o
/usr/bin/gcc   -DCHECK_FUNCTION_EXISTS=pthread_create   -o CMakeFiles/cmTC_8fa87.dir/CheckFunctionExists.c.o   -c /home/aisecurity/ai-kiosk/scripts/cmake-3.13.0/Modules/CheckFunctionExists.c
Linking C executable cmTC_8fa87
/home/aisecurity/ai-kiosk/scripts/cmake-3.13.0/Bootstrap.cmk/cmake -E cmake_link_script CMakeFiles/cmTC_8fa87.dir/link.txt --verbose=1
/usr/bin/gcc  -DCHECK_FUNCTION_EXISTS=pthread_create    -rdynamic CMakeFiles/cmTC_8fa87.dir/CheckFunctionExists.c.o  -o cmTC_8fa87 -lpthread 
make[1]: Leaving directory '/home/aisecurity/ai-kiosk/scripts/cmake-3.13.0/CMakeFiles/CMakeTmp'


Checking whether header cstdio is available compiled with the following output:
Change Dir: /home/aisecurity/ai-kiosk/scripts/cmake-3.13.0/Source/kwsys/CMakeFiles/CMakeTmp

Run Build Command:"/usr/bin/make" "cmTC_17525/fast"
make -f CMakeFiles/cmTC_17525.dir/build.make CMakeFiles/cmTC_17525.dir/build
make[1]: Entering directory '/home/aisecurity/ai-kiosk/scripts/cmake-3.13.0/Source/kwsys/CMakeFiles/CMakeTmp'
Building CXX object CMakeFiles/cmTC_17525.dir/kwsysPlatformTestsCXX.cxx.o
/usr/bin/g++  -DTEST_KWSYS_CXX_HAS_CSTDIO   -o CMakeFiles/cmTC_17525.dir/kwsysPlatformTestsCXX.cxx.o -c /home/aisecurity/ai-kiosk/scripts/cmake-3.13.0/Source/kwsys/kwsysPlatformTestsCXX.cxx
Linking CXX executable cmTC_17525
/home/aisecurity/ai-kiosk/scripts/cmake-3.13.0/Bootstrap.cmk/cmake -E cmake_link_script CMakeFiles/cmTC_17525.dir/link.txt --verbose=1
/usr/bin/g++       -rdynamic CMakeFiles/cmTC_17525.dir/kwsysPlatformTestsCXX.cxx.o  -o cmTC_17525 
make[1]: Leaving directory '/home/aisecurity/ai-kiosk/scripts/cmake-3.13.0/Source/kwsys/CMakeFiles/CMakeTmp'


Checking for Large File Support compiled and ran with the following output:
Change Dir: /home/aisecurity/ai-kiosk/scripts/cmake-3.13.0/Source/kwsys/CMakeFiles/CMakeTmp

Run Build Command:"/usr/bin/make" "cmTC_69237/fast"
make -f CMakeFiles/cmTC_69237.dir/build.make CMakeFiles/cmTC_69237.dir/build
make[1]: Entering directory '/home/aisecurity/ai-kiosk/scripts/cmake-3.13.0/Source/kwsys/CMakeFiles/CMakeTmp'
Building CXX object CMakeFiles/cmTC_69237.dir/kwsysPlatformTestsCXX.cxx.o
/usr/bin/g++  -DKWSYS_CXX_HAS_CSTDIO=1 -DTEST_KWSYS_LFS_WORKS   -o CMakeFiles/cmTC_69237.dir/kwsysPlatformTestsCXX.cxx.o -c /home/aisecurity/ai-kiosk/scripts/cmake-3.13.0/Source/kwsys/kwsysPlatformTestsCXX.cxx
Linking CXX executable cmTC_69237
/home/aisecurity/ai-kiosk/scripts/cmake-3.13.0/Bootstrap.cmk/cmake -E cmake_link_script CMakeFiles/cmTC_69237.dir/link.txt --verbose=1
/usr/bin/g++       -rdynamic CMakeFiles/cmTC_69237.dir/kwsysPlatformTestsCXX.cxx.o  -o cmTC_69237 
make[1]: Leaving directory '/home/aisecurity/ai-kiosk/scripts/cmake-3.13.0/Source/kwsys/CMakeFiles/CMakeTmp'


Checking whether C++ compiler has 'long long' compiled with the following output:
Change Dir: /home/aisecurity/ai-kiosk/scripts/cmake-3.13.0/Source/kwsys/CMakeFiles/CMakeTmp

Run Build Command:"/usr/bin/make" "cmTC_d49e3/fast"
make -f CMakeFiles/cmTC_d49e3.dir/build.make CMakeFiles/cmTC_d49e3.dir/build
make[1]: Entering directory '/home/aisecurity/ai-kiosk/scripts/cmake-3.13.0/Source/kwsys/CMakeFiles/CMakeTmp'
Building CXX object CMakeFiles/cmTC_d49e3.dir/kwsysPlatformTestsCXX.cxx.o
/usr/bin/g++  -DTEST_KWSYS_CXX_HAS_LONG_LONG   -o CMakeFiles/cmTC_d49e3.dir/kwsysPlatformTestsCXX.cxx.o -c /home/aisecurity/ai-kiosk/scripts/cmake-3.13.0/Source/kwsys/kwsysPlatformTestsCXX.cxx
Linking CXX executable cmTC_d49e3
/home/aisecurity/ai-kiosk/scripts/cmake-3.13.0/Bootstrap.cmk/cmake -E cmake_link_script CMakeFiles/cmTC_d49e3.dir/link.txt --verbose=1
/usr/bin/g++       -rdynamic CMakeFiles/cmTC_d49e3.dir/kwsysPlatformTestsCXX.cxx.o  -o cmTC_d49e3 
make[1]: Leaving directory '/home/aisecurity/ai-kiosk/scripts/cmake-3.13.0/Source/kwsys/CMakeFiles/CMakeTmp'


Checking whether wstring is available compiled with the following output:
Change Dir: /home/aisecurity/ai-kiosk/scripts/cmake-3.13.0/Source/kwsys/CMakeFiles/CMakeTmp

Run Build Command:"/usr/bin/make" "cmTC_8e538/fast"
make -f CMakeFiles/cmTC_8e538.dir/build.make CMakeFiles/cmTC_8e538.dir/build
make[1]: Entering directory '/home/aisecurity/ai-kiosk/scripts/cmake-3.13.0/Source/kwsys/CMakeFiles/CMakeTmp'
Building CXX object CMakeFiles/cmTC_8e538.dir/kwsysPlatformTestsCXX.cxx.o
/usr/bin/g++  -DTEST_KWSYS_STL_HAS_WSTRING   -o CMakeFiles/cmTC_8e538.dir/kwsysPlatformTestsCXX.cxx.o -c /home/aisecurity/ai-kiosk/scripts/cmake-3.13.0/Source/kwsys/kwsysPlatformTestsCXX.cxx
Linking CXX executable cmTC_8e538
/home/aisecurity/ai-kiosk/scripts/cmake-3.13.0/Bootstrap.cmk/cmake -E cmake_link_script CMakeFiles/cmTC_8e538.dir/link.txt --verbose=1
/usr/bin/g++       -rdynamic CMakeFiles/cmTC_8e538.dir/kwsysPlatformTestsCXX.cxx.o  -o cmTC_8e538 
make[1]: Leaving directory '/home/aisecurity/ai-kiosk/scripts/cmake-3.13.0/Source/kwsys/CMakeFiles/CMakeTmp'


Checking if istream supports long long compiled with the following output:
Change Dir: /home/aisecurity/ai-kiosk/scripts/cmake-3.13.0/Source/kwsys/CMakeFiles/CMakeTmp

Run Build Command:"/usr/bin/make" "cmTC_2f15e/fast"
make -f CMakeFiles/cmTC_2f15e.dir/build.make CMakeFiles/cmTC_2f15e.dir/build
make[1]: Entering directory '/home/aisecurity/ai-kiosk/scripts/cmake-3.13.0/Source/kwsys/CMakeFiles/CMakeTmp'
Building CXX object CMakeFiles/cmTC_2f15e.dir/kwsysPlatformTestsCXX.cxx.o
/usr/bin/g++  -DTEST_KWSYS_IOS_HAS_ISTREAM_LONG_LONG   -o CMakeFiles/cmTC_2f15e.dir/kwsysPlatformTestsCXX.cxx.o -c /home/aisecurity/ai-kiosk/scripts/cmake-3.13.0/Source/kwsys/kwsysPlatformTestsCXX.cxx
Linking CXX executable cmTC_2f15e
/home/aisecurity/ai-kiosk/scripts/cmake-3.13.0/Bootstrap.cmk/cmake -E cmake_link_script CMakeFiles/cmTC_2f15e.dir/link.txt --verbose=1
/usr/bin/g++       -rdynamic CMakeFiles/cmTC_2f15e.dir/kwsysPlatformTestsCXX.cxx.o  -o cmTC_2f15e 
make[1]: Leaving directory '/home/aisecurity/ai-kiosk/scripts/cmake-3.13.0/Source/kwsys/CMakeFiles/CMakeTmp'


Checking if ostream supports long long compiled with the following output:
Change Dir: /home/aisecurity/ai-kiosk/scripts/cmake-3.13.0/Source/kwsys/CMakeFiles/CMakeTmp

Run Build Command:"/usr/bin/make" "cmTC_93c98/fast"
make -f CMakeFiles/cmTC_93c98.dir/build.make CMakeFiles/cmTC_93c98.dir/build
make[1]: Entering directory '/home/aisecurity/ai-kiosk/scripts/cmake-3.13.0/Source/kwsys/CMakeFiles/CMakeTmp'
Building CXX object CMakeFiles/cmTC_93c98.dir/kwsysPlatformTestsCXX.cxx.o
/usr/bin/g++  -DTEST_KWSYS_IOS_HAS_OSTREAM_LONG_LONG   -o CMakeFiles/cmTC_93c98.dir/kwsysPlatformTestsCXX.cxx.o -c /home/aisecurity/ai-kiosk/scripts/cmake-3.13.0/Source/kwsys/kwsysPlatformTestsCXX.cxx
Linking CXX executable cmTC_93c98
/home/aisecurity/ai-kiosk/scripts/cmake-3.13.0/Bootstrap.cmk/cmake -E cmake_link_script CMakeFiles/cmTC_93c98.dir/link.txt --verbose=1
/usr/bin/g++       -rdynamic CMakeFiles/cmTC_93c98.dir/kwsysPlatformTestsCXX.cxx.o  -o cmTC_93c98 
make[1]: Leaving directory '/home/aisecurity/ai-kiosk/scripts/cmake-3.13.0/Source/kwsys/CMakeFiles/CMakeTmp'


Checking whether C compiler has ptrdiff_t in stddef.h compiled with the following output:
Change Dir: /home/aisecurity/ai-kiosk/scripts/cmake-3.13.0/Source/kwsys/CMakeFiles/CMakeTmp

Run Build Command:"/usr/bin/make" "cmTC_37d5f/fast"
make -f CMakeFiles/cmTC_37d5f.dir/build.make CMakeFiles/cmTC_37d5f.dir/build
make[1]: Entering directory '/home/aisecurity/ai-kiosk/scripts/cmake-3.13.0/Source/kwsys/CMakeFiles/CMakeTmp'
Building C object CMakeFiles/cmTC_37d5f.dir/kwsysPlatformTestsC.c.o
/usr/bin/gcc -DTEST_KWSYS_C_HAS_PTRDIFF_T   -o CMakeFiles/cmTC_37d5f.dir/kwsysPlatformTestsC.c.o   -c /home/aisecurity/ai-kiosk/scripts/cmake-3.13.0/Source/kwsys/kwsysPlatformTestsC.c
Linking C executable cmTC_37d5f
/home/aisecurity/ai-kiosk/scripts/cmake-3.13.0/Bootstrap.cmk/cmake -E cmake_link_script CMakeFiles/cmTC_37d5f.dir/link.txt --verbose=1
/usr/bin/gcc      -rdynamic CMakeFiles/cmTC_37d5f.dir/kwsysPlatformTestsC.c.o  -o cmTC_37d5f 
make[1]: Leaving directory '/home/aisecurity/ai-kiosk/scripts/cmake-3.13.0/Source/kwsys/CMakeFiles/CMakeTmp'


Checking whether C compiler has ssize_t in unistd.h compiled with the following output:
Change Dir: /home/aisecurity/ai-kiosk/scripts/cmake-3.13.0/Source/kwsys/CMakeFiles/CMakeTmp

Run Build Command:"/usr/bin/make" "cmTC_cc228/fast"
make -f CMakeFiles/cmTC_cc228.dir/build.make CMakeFiles/cmTC_cc228.dir/build
make[1]: Entering directory '/home/aisecurity/ai-kiosk/scripts/cmake-3.13.0/Source/kwsys/CMakeFiles/CMakeTmp'
Building C object CMakeFiles/cmTC_cc228.dir/kwsysPlatformTestsC.c.o
/usr/bin/gcc -DTEST_KWSYS_C_HAS_SSIZE_T   -o CMakeFiles/cmTC_cc228.dir/kwsysPlatformTestsC.c.o   -c /home/aisecurity/ai-kiosk/scripts/cmake-3.13.0/Source/kwsys/kwsysPlatformTestsC.c
Linking C executable cmTC_cc228
/home/aisecurity/ai-kiosk/scripts/cmake-3.13.0/Bootstrap.cmk/cmake -E cmake_link_script CMakeFiles/cmTC_cc228.dir/link.txt --verbose=1
/usr/bin/gcc      -rdynamic CMakeFiles/cmTC_cc228.dir/kwsysPlatformTestsC.c.o  -o cmTC_cc228 
make[1]: Leaving directory '/home/aisecurity/ai-kiosk/scripts/cmake-3.13.0/Source/kwsys/CMakeFiles/CMakeTmp'


Checking whether C compiler has clock_gettime compiled with the following output:
Change Dir: /home/aisecurity/ai-kiosk/scripts/cmake-3.13.0/Source/kwsys/CMakeFiles/CMakeTmp

Run Build Command:"/usr/bin/make" "cmTC_8683c/fast"
make -f CMakeFiles/cmTC_8683c.dir/build.make CMakeFiles/cmTC_8683c.dir/build
make[1]: Entering directory '/home/aisecurity/ai-kiosk/scripts/cmake-3.13.0/Source/kwsys/CMakeFiles/CMakeTmp'
Building C object CMakeFiles/cmTC_8683c.dir/kwsysPlatformTestsC.c.o
/usr/bin/gcc -DTEST_KWSYS_C_HAS_CLOCK_GETTIME_MONOTONIC   -o CMakeFiles/cmTC_8683c.dir/kwsysPlatformTestsC.c.o   -c /home/aisecurity/ai-kiosk/scripts/cmake-3.13.0/Source/kwsys/kwsysPlatformTestsC.c
Linking C executable cmTC_8683c
/home/aisecurity/ai-kiosk/scripts/cmake-3.13.0/Bootstrap.cmk/cmake -E cmake_link_script CMakeFiles/cmTC_8683c.dir/link.txt --verbose=1
/usr/bin/gcc      -rdynamic CMakeFiles/cmTC_8683c.dir/kwsysPlatformTestsC.c.o  -o cmTC_8683c 
make[1]: Leaving directory '/home/aisecurity/ai-kiosk/scripts/cmake-3.13.0/Source/kwsys/CMakeFiles/CMakeTmp'


Checking whether CXX compiler has setenv compiled with the following output:
Change Dir: /home/aisecurity/ai-kiosk/scripts/cmake-3.13.0/Source/kwsys/CMakeFiles/CMakeTmp

Run Build Command:"/usr/bin/make" "cmTC_5347b/fast"
make -f CMakeFiles/cmTC_5347b.dir/build.make CMakeFiles/cmTC_5347b.dir/build
make[1]: Entering directory '/home/aisecurity/ai-kiosk/scripts/cmake-3.13.0/Source/kwsys/CMakeFiles/CMakeTmp'
Building CXX object CMakeFiles/cmTC_5347b.dir/kwsysPlatformTestsCXX.cxx.o
/usr/bin/g++  -DTEST_KWSYS_CXX_HAS_SETENV   -o CMakeFiles/cmTC_5347b.dir/kwsysPlatformTestsCXX.cxx.o -c /home/aisecurity/ai-kiosk/scripts/cmake-3.13.0/Source/kwsys/kwsysPlatformTestsCXX.cxx
Linking CXX executable cmTC_5347b
/home/aisecurity/ai-kiosk/scripts/cmake-3.13.0/Bootstrap.cmk/cmake -E cmake_link_script CMakeFiles/cmTC_5347b.dir/link.txt --verbose=1
/usr/bin/g++       -rdynamic CMakeFiles/cmTC_5347b.dir/kwsysPlatformTestsCXX.cxx.o  -o cmTC_5347b 
make[1]: Leaving directory '/home/aisecurity/ai-kiosk/scripts/cmake-3.13.0/Source/kwsys/CMakeFiles/CMakeTmp'


Checking whether CXX compiler has unsetenv compiled with the following output:
Change Dir: /home/aisecurity/ai-kiosk/scripts/cmake-3.13.0/Source/kwsys/CMakeFiles/CMakeTmp

Run Build Command:"/usr/bin/make" "cmTC_376ea/fast"
make -f CMakeFiles/cmTC_376ea.dir/build.make CMakeFiles/cmTC_376ea.dir/build
make[1]: Entering directory '/home/aisecurity/ai-kiosk/scripts/cmake-3.13.0/Source/kwsys/CMakeFiles/CMakeTmp'
Building CXX object CMakeFiles/cmTC_376ea.dir/kwsysPlatformTestsCXX.cxx.o
/usr/bin/g++  -DTEST_KWSYS_CXX_HAS_UNSETENV   -o CMakeFiles/cmTC_376ea.dir/kwsysPlatformTestsCXX.cxx.o -c /home/aisecurity/ai-kiosk/scripts/cmake-3.13.0/Source/kwsys/kwsysPlatformTestsCXX.cxx
Linking CXX executable cmTC_376ea
/home/aisecurity/ai-kiosk/scripts/cmake-3.13.0/Bootstrap.cmk/cmake -E cmake_link_script CMakeFiles/cmTC_376ea.dir/link.txt --verbose=1
/usr/bin/g++       -rdynamic CMakeFiles/cmTC_376ea.dir/kwsysPlatformTestsCXX.cxx.o  -o cmTC_376ea 
make[1]: Leaving directory '/home/aisecurity/ai-kiosk/scripts/cmake-3.13.0/Source/kwsys/CMakeFiles/CMakeTmp'


Checking whether CXX compiler has utimes compiled with the following output:
Change Dir: /home/aisecurity/ai-kiosk/scripts/cmake-3.13.0/Source/kwsys/CMakeFiles/CMakeTmp

Run Build Command:"/usr/bin/make" "cmTC_49cce/fast"
make -f CMakeFiles/cmTC_49cce.dir/build.make CMakeFiles/cmTC_49cce.dir/build
make[1]: Entering directory '/home/aisecurity/ai-kiosk/scripts/cmake-3.13.0/Source/kwsys/CMakeFiles/CMakeTmp'
Building CXX object CMakeFiles/cmTC_49cce.dir/kwsysPlatformTestsCXX.cxx.o
/usr/bin/g++  -DTEST_KWSYS_CXX_HAS_UTIMES   -o CMakeFiles/cmTC_49cce.dir/kwsysPlatformTestsCXX.cxx.o -c /home/aisecurity/ai-kiosk/scripts/cmake-3.13.0/Source/kwsys/kwsysPlatformTestsCXX.cxx
Linking CXX executable cmTC_49cce
/home/aisecurity/ai-kiosk/scripts/cmake-3.13.0/Bootstrap.cmk/cmake -E cmake_link_script CMakeFiles/cmTC_49cce.dir/link.txt --verbose=1
/usr/bin/g++       -rdynamic CMakeFiles/cmTC_49cce.dir/kwsysPlatformTestsCXX.cxx.o  -o cmTC_49cce 
make[1]: Leaving directory '/home/aisecurity/ai-kiosk/scripts/cmake-3.13.0/Source/kwsys/CMakeFiles/CMakeTmp'


Checking whether CXX compiler has utimensat compiled with the following output:
Change Dir: /home/aisecurity/ai-kiosk/scripts/cmake-3.13.0/Source/kwsys/CMakeFiles/CMakeTmp

Run Build Command:"/usr/bin/make" "cmTC_e0966/fast"
make -f CMakeFiles/cmTC_e0966.dir/build.make CMakeFiles/cmTC_e0966.dir/build
make[1]: Entering directory '/home/aisecurity/ai-kiosk/scripts/cmake-3.13.0/Source/kwsys/CMakeFiles/CMakeTmp'
Building CXX object CMakeFiles/cmTC_e0966.dir/kwsysPlatformTestsCXX.cxx.o
/usr/bin/g++  -DTEST_KWSYS_CXX_HAS_UTIMENSAT   -o CMakeFiles/cmTC_e0966.dir/kwsysPlatformTestsCXX.cxx.o -c /home/aisecurity/ai-kiosk/scripts/cmake-3.13.0/Source/kwsys/kwsysPlatformTestsCXX.cxx
Linking CXX executable cmTC_e0966
/home/aisecurity/ai-kiosk/scripts/cmake-3.13.0/Bootstrap.cmk/cmake -E cmake_link_script CMakeFiles/cmTC_e0966.dir/link.txt --verbose=1
/usr/bin/g++       -rdynamic CMakeFiles/cmTC_e0966.dir/kwsysPlatformTestsCXX.cxx.o  -o cmTC_e0966 
make[1]: Leaving directory '/home/aisecurity/ai-kiosk/scripts/cmake-3.13.0/Source/kwsys/CMakeFiles/CMakeTmp'


Checking whether CXX compiler struct stat has st_mtim member compiled with the following output:
Change Dir: /home/aisecurity/ai-kiosk/scripts/cmake-3.13.0/Source/kwsys/CMakeFiles/CMakeTmp

Run Build Command:"/usr/bin/make" "cmTC_3d993/fast"
make -f CMakeFiles/cmTC_3d993.dir/build.make CMakeFiles/cmTC_3d993.dir/build
make[1]: Entering directory '/home/aisecurity/ai-kiosk/scripts/cmake-3.13.0/Source/kwsys/CMakeFiles/CMakeTmp'
Building CXX object CMakeFiles/cmTC_3d993.dir/kwsysPlatformTestsCXX.cxx.o
/usr/bin/g++  -DTEST_KWSYS_CXX_STAT_HAS_ST_MTIM   -o CMakeFiles/cmTC_3d993.dir/kwsysPlatformTestsCXX.cxx.o -c /home/aisecurity/ai-kiosk/scripts/cmake-3.13.0/Source/kwsys/kwsysPlatformTestsCXX.cxx
Linking CXX executable cmTC_3d993
/home/aisecurity/ai-kiosk/scripts/cmake-3.13.0/Bootstrap.cmk/cmake -E cmake_link_script CMakeFiles/cmTC_3d993.dir/link.txt --verbose=1
/usr/bin/g++       -rdynamic CMakeFiles/cmTC_3d993.dir/kwsysPlatformTestsCXX.cxx.o  -o cmTC_3d993 
make[1]: Leaving directory '/home/aisecurity/ai-kiosk/scripts/cmake-3.13.0/Source/kwsys/CMakeFiles/CMakeTmp'


Determining if files sys/types.h;ifaddrs.h exist passed with the following output:
Change Dir: /home/aisecurity/ai-kiosk/scripts/cmake-3.13.0/CMakeFiles/CMakeTmp

Run Build Command:"/usr/bin/make" "cmTC_c7d81/fast"
make -f CMakeFiles/cmTC_c7d81.dir/build.make CMakeFiles/cmTC_c7d81.dir/build
make[1]: Entering directory '/home/aisecurity/ai-kiosk/scripts/cmake-3.13.0/CMakeFiles/CMakeTmp'
Building C object CMakeFiles/cmTC_c7d81.dir/KWSYS_SYS_HAS_IFADDRS_H.c.o
/usr/bin/gcc    -o CMakeFiles/cmTC_c7d81.dir/KWSYS_SYS_HAS_IFADDRS_H.c.o   -c /home/aisecurity/ai-kiosk/scripts/cmake-3.13.0/CMakeFiles/CheckIncludeFiles/KWSYS_SYS_HAS_IFADDRS_H.c
Linking C executable cmTC_c7d81
/home/aisecurity/ai-kiosk/scripts/cmake-3.13.0/Bootstrap.cmk/cmake -E cmake_link_script CMakeFiles/cmTC_c7d81.dir/link.txt --verbose=1
/usr/bin/gcc      -rdynamic CMakeFiles/cmTC_c7d81.dir/KWSYS_SYS_HAS_IFADDRS_H.c.o  -o cmTC_c7d81 
make[1]: Leaving directory '/home/aisecurity/ai-kiosk/scripts/cmake-3.13.0/CMakeFiles/CMakeTmp'


Checking whether CXX compiler has rlimit64 compiled with the following output:
Change Dir: /home/aisecurity/ai-kiosk/scripts/cmake-3.13.0/Source/kwsys/CMakeFiles/CMakeTmp

Run Build Command:"/usr/bin/make" "cmTC_78cef/fast"
make -f CMakeFiles/cmTC_78cef.dir/build.make CMakeFiles/cmTC_78cef.dir/build
make[1]: Entering directory '/home/aisecurity/ai-kiosk/scripts/cmake-3.13.0/Source/kwsys/CMakeFiles/CMakeTmp'
Building CXX object CMakeFiles/cmTC_78cef.dir/kwsysPlatformTestsCXX.cxx.o
/usr/bin/g++  -DKWSYS_HAS_LFS=1 -DTEST_KWSYS_CXX_HAS_RLIMIT64   -o CMakeFiles/cmTC_78cef.dir/kwsysPlatformTestsCXX.cxx.o -c /home/aisecurity/ai-kiosk/scripts/cmake-3.13.0/Source/kwsys/kwsysPlatformTestsCXX.cxx
Linking CXX executable cmTC_78cef
/home/aisecurity/ai-kiosk/scripts/cmake-3.13.0/Bootstrap.cmk/cmake -E cmake_link_script CMakeFiles/cmTC_78cef.dir/link.txt --verbose=1
/usr/bin/g++       -rdynamic CMakeFiles/cmTC_78cef.dir/kwsysPlatformTestsCXX.cxx.o  -o cmTC_78cef 
make[1]: Leaving directory '/home/aisecurity/ai-kiosk/scripts/cmake-3.13.0/Source/kwsys/CMakeFiles/CMakeTmp'


Checking whether CXX compiler has atol compiled with the following output:
Change Dir: /home/aisecurity/ai-kiosk/scripts/cmake-3.13.0/Source/kwsys/CMakeFiles/CMakeTmp

Run Build Command:"/usr/bin/make" "cmTC_7903a/fast"
make -f CMakeFiles/cmTC_7903a.dir/build.make CMakeFiles/cmTC_7903a.dir/build
make[1]: Entering directory '/home/aisecurity/ai-kiosk/scripts/cmake-3.13.0/Source/kwsys/CMakeFiles/CMakeTmp'
Building CXX object CMakeFiles/cmTC_7903a.dir/kwsysPlatformTestsCXX.cxx.o
/usr/bin/g++  -DTEST_KWSYS_CXX_HAS_ATOL   -o CMakeFiles/cmTC_7903a.dir/kwsysPlatformTestsCXX.cxx.o -c /home/aisecurity/ai-kiosk/scripts/cmake-3.13.0/Source/kwsys/kwsysPlatformTestsCXX.cxx
Linking CXX executable cmTC_7903a
/home/aisecurity/ai-kiosk/scripts/cmake-3.13.0/Bootstrap.cmk/cmake -E cmake_link_script CMakeFiles/cmTC_7903a.dir/link.txt --verbose=1
/usr/bin/g++       -rdynamic CMakeFiles/cmTC_7903a.dir/kwsysPlatformTestsCXX.cxx.o  -o cmTC_7903a 
make[1]: Leaving directory '/home/aisecurity/ai-kiosk/scripts/cmake-3.13.0/Source/kwsys/CMakeFiles/CMakeTmp'


Checking whether CXX compiler has atoll compiled with the following output:
Change Dir: /home/aisecurity/ai-kiosk/scripts/cmake-3.13.0/Source/kwsys/CMakeFiles/CMakeTmp

Run Build Command:"/usr/bin/make" "cmTC_d0831/fast"
make -f CMakeFiles/cmTC_d0831.dir/build.make CMakeFiles/cmTC_d0831.dir/build
make[1]: Entering directory '/home/aisecurity/ai-kiosk/scripts/cmake-3.13.0/Source/kwsys/CMakeFiles/CMakeTmp'
Building CXX object CMakeFiles/cmTC_d0831.dir/kwsysPlatformTestsCXX.cxx.o
/usr/bin/g++  -DTEST_KWSYS_CXX_HAS_ATOLL   -o CMakeFiles/cmTC_d0831.dir/kwsysPlatformTestsCXX.cxx.o -c /home/aisecurity/ai-kiosk/scripts/cmake-3.13.0/Source/kwsys/kwsysPlatformTestsCXX.cxx
Linking CXX executable cmTC_d0831
/home/aisecurity/ai-kiosk/scripts/cmake-3.13.0/Bootstrap.cmk/cmake -E cmake_link_script CMakeFiles/cmTC_d0831.dir/link.txt --verbose=1
/usr/bin/g++       -rdynamic CMakeFiles/cmTC_d0831.dir/kwsysPlatformTestsCXX.cxx.o  -o cmTC_d0831 
make[1]: Leaving directory '/home/aisecurity/ai-kiosk/scripts/cmake-3.13.0/Source/kwsys/CMakeFiles/CMakeTmp'


Determining if the include file execinfo.h exists passed with the following output:
Change Dir: /home/aisecurity/ai-kiosk/scripts/cmake-3.13.0/CMakeFiles/CMakeTmp

Run Build Command:"/usr/bin/make" "cmTC_6914f/fast"
make -f CMakeFiles/cmTC_6914f.dir/build.make CMakeFiles/cmTC_6914f.dir/build
make[1]: Entering directory '/home/aisecurity/ai-kiosk/scripts/cmake-3.13.0/CMakeFiles/CMakeTmp'
Building CXX object CMakeFiles/cmTC_6914f.dir/CheckIncludeFile.cxx.o
/usr/bin/g++     -o CMakeFiles/cmTC_6914f.dir/CheckIncludeFile.cxx.o -c /home/aisecurity/ai-kiosk/scripts/cmake-3.13.0/CMakeFiles/CMakeTmp/CheckIncludeFile.cxx
Linking CXX executable cmTC_6914f
/home/aisecurity/ai-kiosk/scripts/cmake-3.13.0/Bootstrap.cmk/cmake -E cmake_link_script CMakeFiles/cmTC_6914f.dir/link.txt --verbose=1
/usr/bin/g++       -rdynamic CMakeFiles/cmTC_6914f.dir/CheckIncludeFile.cxx.o  -o cmTC_6914f 
make[1]: Leaving directory '/home/aisecurity/ai-kiosk/scripts/cmake-3.13.0/CMakeFiles/CMakeTmp'


Checking whether backtrace works with this C++ compiler compiled with the following output:
Change Dir: /home/aisecurity/ai-kiosk/scripts/cmake-3.13.0/Source/kwsys/CMakeFiles/CMakeTmp

Run Build Command:"/usr/bin/make" "cmTC_6aa00/fast"
make -f CMakeFiles/cmTC_6aa00.dir/build.make CMakeFiles/cmTC_6aa00.dir/build
make[1]: Entering directory '/home/aisecurity/ai-kiosk/scripts/cmake-3.13.0/Source/kwsys/CMakeFiles/CMakeTmp'
Building CXX object CMakeFiles/cmTC_6aa00.dir/kwsysPlatformTestsCXX.cxx.o
/usr/bin/g++  -DTEST_KWSYS_CXX_HAS_BACKTRACE   -o CMakeFiles/cmTC_6aa00.dir/kwsysPlatformTestsCXX.cxx.o -c /home/aisecurity/ai-kiosk/scripts/cmake-3.13.0/Source/kwsys/kwsysPlatformTestsCXX.cxx
Linking CXX executable cmTC_6aa00
/home/aisecurity/ai-kiosk/scripts/cmake-3.13.0/Bootstrap.cmk/cmake -E cmake_link_script CMakeFiles/cmTC_6aa00.dir/link.txt --verbose=1
/usr/bin/g++       -rdynamic CMakeFiles/cmTC_6aa00.dir/kwsysPlatformTestsCXX.cxx.o  -o cmTC_6aa00 
make[1]: Leaving directory '/home/aisecurity/ai-kiosk/scripts/cmake-3.13.0/Source/kwsys/CMakeFiles/CMakeTmp'


Determining if the include file dlfcn.h exists passed with the following output:
Change Dir: /home/aisecurity/ai-kiosk/scripts/cmake-3.13.0/CMakeFiles/CMakeTmp

Run Build Command:"/usr/bin/make" "cmTC_657e9/fast"
make -f CMakeFiles/cmTC_657e9.dir/build.make CMakeFiles/cmTC_657e9.dir/build
make[1]: Entering directory '/home/aisecurity/ai-kiosk/scripts/cmake-3.13.0/CMakeFiles/CMakeTmp'
Building CXX object CMakeFiles/cmTC_657e9.dir/CheckIncludeFile.cxx.o
/usr/bin/g++     -o CMakeFiles/cmTC_657e9.dir/CheckIncludeFile.cxx.o -c /home/aisecurity/ai-kiosk/scripts/cmake-3.13.0/CMakeFiles/CMakeTmp/CheckIncludeFile.cxx
Linking CXX executable cmTC_657e9
/home/aisecurity/ai-kiosk/scripts/cmake-3.13.0/Bootstrap.cmk/cmake -E cmake_link_script CMakeFiles/cmTC_657e9.dir/link.txt --verbose=1
/usr/bin/g++       -rdynamic CMakeFiles/cmTC_657e9.dir/CheckIncludeFile.cxx.o  -o cmTC_657e9 
make[1]: Leaving directory '/home/aisecurity/ai-kiosk/scripts/cmake-3.13.0/CMakeFiles/CMakeTmp'


Checking whether dladdr works with this C++ compiler compiled with the following output:
Change Dir: /home/aisecurity/ai-kiosk/scripts/cmake-3.13.0/Source/kwsys/CMakeFiles/CMakeTmp

Run Build Command:"/usr/bin/make" "cmTC_e2839/fast"
make -f CMakeFiles/cmTC_e2839.dir/build.make CMakeFiles/cmTC_e2839.dir/build
make[1]: Entering directory '/home/aisecurity/ai-kiosk/scripts/cmake-3.13.0/Source/kwsys/CMakeFiles/CMakeTmp'
Building CXX object CMakeFiles/cmTC_e2839.dir/kwsysPlatformTestsCXX.cxx.o
/usr/bin/g++  -DTEST_KWSYS_CXX_HAS_DLADDR   -o CMakeFiles/cmTC_e2839.dir/kwsysPlatformTestsCXX.cxx.o -c /home/aisecurity/ai-kiosk/scripts/cmake-3.13.0/Source/kwsys/kwsysPlatformTestsCXX.cxx
Linking CXX executable cmTC_e2839
/home/aisecurity/ai-kiosk/scripts/cmake-3.13.0/Bootstrap.cmk/cmake -E cmake_link_script CMakeFiles/cmTC_e2839.dir/link.txt --verbose=1
/usr/bin/g++       -rdynamic CMakeFiles/cmTC_e2839.dir/kwsysPlatformTestsCXX.cxx.o  -o cmTC_e2839 -ldl 
make[1]: Leaving directory '/home/aisecurity/ai-kiosk/scripts/cmake-3.13.0/Source/kwsys/CMakeFiles/CMakeTmp'


Determining if the include file cxxabi.h exists passed with the following output:
Change Dir: /home/aisecurity/ai-kiosk/scripts/cmake-3.13.0/CMakeFiles/CMakeTmp

Run Build Command:"/usr/bin/make" "cmTC_1f1fd/fast"
make -f CMakeFiles/cmTC_1f1fd.dir/build.make CMakeFiles/cmTC_1f1fd.dir/build
make[1]: Entering directory '/home/aisecurity/ai-kiosk/scripts/cmake-3.13.0/CMakeFiles/CMakeTmp'
Building CXX object CMakeFiles/cmTC_1f1fd.dir/CheckIncludeFile.cxx.o
/usr/bin/g++     -o CMakeFiles/cmTC_1f1fd.dir/CheckIncludeFile.cxx.o -c /home/aisecurity/ai-kiosk/scripts/cmake-3.13.0/CMakeFiles/CMakeTmp/CheckIncludeFile.cxx
Linking CXX executable cmTC_1f1fd
/home/aisecurity/ai-kiosk/scripts/cmake-3.13.0/Bootstrap.cmk/cmake -E cmake_link_script CMakeFiles/cmTC_1f1fd.dir/link.txt --verbose=1
/usr/bin/g++       -rdynamic CMakeFiles/cmTC_1f1fd.dir/CheckIncludeFile.cxx.o  -o cmTC_1f1fd 
make[1]: Leaving directory '/home/aisecurity/ai-kiosk/scripts/cmake-3.13.0/CMakeFiles/CMakeTmp'


Checking whether cxxabi works with this C++ compiler compiled with the following output:
Change Dir: /home/aisecurity/ai-kiosk/scripts/cmake-3.13.0/Source/kwsys/CMakeFiles/CMakeTmp

Run Build Command:"/usr/bin/make" "cmTC_e2ae6/fast"
make -f CMakeFiles/cmTC_e2ae6.dir/build.make CMakeFiles/cmTC_e2ae6.dir/build
make[1]: Entering directory '/home/aisecurity/ai-kiosk/scripts/cmake-3.13.0/Source/kwsys/CMakeFiles/CMakeTmp'
Building CXX object CMakeFiles/cmTC_e2ae6.dir/kwsysPlatformTestsCXX.cxx.o
/usr/bin/g++  -DTEST_KWSYS_CXX_HAS_CXXABI   -o CMakeFiles/cmTC_e2ae6.dir/kwsysPlatformTestsCXX.cxx.o -c /home/aisecurity/ai-kiosk/scripts/cmake-3.13.0/Source/kwsys/kwsysPlatformTestsCXX.cxx
Linking CXX executable cmTC_e2ae6
/home/aisecurity/ai-kiosk/scripts/cmake-3.13.0/Bootstrap.cmk/cmake -E cmake_link_script CMakeFiles/cmTC_e2ae6.dir/link.txt --verbose=1
/usr/bin/g++       -rdynamic CMakeFiles/cmTC_e2ae6.dir/kwsysPlatformTestsCXX.cxx.o  -o cmTC_e2ae6 
make[1]: Leaving directory '/home/aisecurity/ai-kiosk/scripts/cmake-3.13.0/Source/kwsys/CMakeFiles/CMakeTmp'


Checking whether CXX compiler has getloadavg compiled with the following output:
Change Dir: /home/aisecurity/ai-kiosk/scripts/cmake-3.13.0/Source/kwsys/CMakeFiles/CMakeTmp

Run Build Command:"/usr/bin/make" "cmTC_2b5b3/fast"
make -f CMakeFiles/cmTC_2b5b3.dir/build.make CMakeFiles/cmTC_2b5b3.dir/build
make[1]: Entering directory '/home/aisecurity/ai-kiosk/scripts/cmake-3.13.0/Source/kwsys/CMakeFiles/CMakeTmp'
Building CXX object CMakeFiles/cmTC_2b5b3.dir/kwsysPlatformTestsCXX.cxx.o
/usr/bin/g++  -DTEST_KWSYS_CXX_HAS_GETLOADAVG   -o CMakeFiles/cmTC_2b5b3.dir/kwsysPlatformTestsCXX.cxx.o -c /home/aisecurity/ai-kiosk/scripts/cmake-3.13.0/Source/kwsys/kwsysPlatformTestsCXX.cxx
Linking CXX executable cmTC_2b5b3
/home/aisecurity/ai-kiosk/scripts/cmake-3.13.0/Bootstrap.cmk/cmake -E cmake_link_script CMakeFiles/cmTC_2b5b3.dir/link.txt --verbose=1
/usr/bin/g++       -rdynamic CMakeFiles/cmTC_2b5b3.dir/kwsysPlatformTestsCXX.cxx.o  -o cmTC_2b5b3 
make[1]: Leaving directory '/home/aisecurity/ai-kiosk/scripts/cmake-3.13.0/Source/kwsys/CMakeFiles/CMakeTmp'


Checking whether <ext/stdio_filebuf.h> is available compiled with the following output:
Change Dir: /home/aisecurity/ai-kiosk/scripts/cmake-3.13.0/Source/kwsys/CMakeFiles/CMakeTmp

Run Build Command:"/usr/bin/make" "cmTC_1bb2c/fast"
make -f CMakeFiles/cmTC_1bb2c.dir/build.make CMakeFiles/cmTC_1bb2c.dir/build
make[1]: Entering directory '/home/aisecurity/ai-kiosk/scripts/cmake-3.13.0/Source/kwsys/CMakeFiles/CMakeTmp'
Building CXX object CMakeFiles/cmTC_1bb2c.dir/kwsysPlatformTestsCXX.cxx.o
/usr/bin/g++  -DTEST_KWSYS_CXX_HAS_EXT_STDIO_FILEBUF_H   -o CMakeFiles/cmTC_1bb2c.dir/kwsysPlatformTestsCXX.cxx.o -c /home/aisecurity/ai-kiosk/scripts/cmake-3.13.0/Source/kwsys/kwsysPlatformTestsCXX.cxx
Linking CXX executable cmTC_1bb2c
/home/aisecurity/ai-kiosk/scripts/cmake-3.13.0/Bootstrap.cmk/cmake -E cmake_link_script CMakeFiles/cmTC_1bb2c.dir/link.txt --verbose=1
/usr/bin/g++       -rdynamic CMakeFiles/cmTC_1bb2c.dir/kwsysPlatformTestsCXX.cxx.o  -o cmTC_1bb2c 
make[1]: Leaving directory '/home/aisecurity/ai-kiosk/scripts/cmake-3.13.0/Source/kwsys/CMakeFiles/CMakeTmp'


